[00:01:08] xXDash_RedXx (2c47d6b8-e53e-38f3-b73c-a209e765d5cf): y q plugin?
[00:01:22] Nachus_GC (27cef4d1-62ad-3b6a-a0b1-375853a84c09): queti
[00:01:25] Nachus_GC (27cef4d1-62ad-3b6a-a0b1-375853a84c09): deah
[00:01:25] xXDash_RedXx (2c47d6b8-e53e-38f3-b73c-a209e765d5cf): A
[00:02:46] xXDash_RedXx (2c47d6b8-e53e-38f3-b73c-a209e765d5cf): bruh el mause gamer q me compre no tienes ni un mes y ya no clickea bien
[00:06:36] Nachus_GC (27cef4d1-62ad-3b6a-a0b1-375853a84c09): me pasa
[00:06:48] Nachus_GC (27cef4d1-62ad-3b6a-a0b1-375853a84c09): tengo el click izquierdo rotisimo de tanto pvp
[00:18:13] xXDash_RedXx (2c47d6b8-e53e-38f3-b73c-a209e765d5cf): holas
[00:18:20] Nachus_GC (27cef4d1-62ad-3b6a-a0b1-375853a84c09): holoide
[00:18:22] jefry04 (885eb612-41e9-3de7-929c-bc73031132ed): hola
[00:18:30] jefry04 (885eb612-41e9-3de7-929c-bc73031132ed): entre y eh muerto
[00:18:33] jefry04 (885eb612-41e9-3de7-929c-bc73031132ed): porque XD
[00:19:22] jefry04 (885eb612-41e9-3de7-929c-bc73031132ed): noooo mis cosas
[00:19:57] jefry04 (885eb612-41e9-3de7-929c-bc73031132ed): porque yo :(
[00:20:01] jefry04 (885eb612-41e9-3de7-929c-bc73031132ed): no hice nada
[00:27:48] jefry04 (885eb612-41e9-3de7-929c-bc73031132ed): zzzz
[00:29:46] Nachus_GC (27cef4d1-62ad-3b6a-a0b1-375853a84c09): q secso
[00:34:05] jefry04 (885eb612-41e9-3de7-929c-bc73031132ed): disculpa hay limite en el mapa
[00:41:06] Nachus_GC (27cef4d1-62ad-3b6a-a0b1-375853a84c09): Jefry04
[00:41:17] xXDash_RedXx (2c47d6b8-e53e-38f3-b73c-a209e765d5cf): nachus
[00:41:25] Nachus_GC (27cef4d1-62ad-3b6a-a0b1-375853a84c09): Tengo 4 alertas tuyas de que usaste X-ray
[00:41:30] xXDash_RedXx (2c47d6b8-e53e-38f3-b73c-a209e765d5cf): como le pongo nombre a un clan?
[00:41:54] xXDash_RedXx (2c47d6b8-e53e-38f3-b73c-a209e765d5cf): el nombre tienes 7 caracteres pero me dice q no puedo usar mas de 5
[00:41:56] Nachus_GC (27cef4d1-62ad-3b6a-a0b1-375853a84c09): Vas a decir algo al respecto?
[00:42:21] jefry04 (885eb612-41e9-3de7-929c-bc73031132ed): et
[00:42:38] jefry04 (885eb612-41e9-3de7-929c-bc73031132ed): e
[00:42:38] jefry04 (885eb612-41e9-3de7-929c-bc73031132ed): e
[00:43:06] Nachus_GC (27cef4d1-62ad-3b6a-a0b1-375853a84c09): Dime
[00:43:23] Nachus_GC (27cef4d1-62ad-3b6a-a0b1-375853a84c09): Si o no?
[00:44:00] Nachus_GC (27cef4d1-62ad-3b6a-a0b1-375853a84c09): puede que te de una pena menor si confiesas
[00:46:38] jefry04 (885eb612-41e9-3de7-929c-bc73031132ed): bro trata de ver
[00:46:43] jefry04 (885eb612-41e9-3de7-929c-bc73031132ed): tu sistema de server
[00:46:54] jefry04 (885eb612-41e9-3de7-929c-bc73031132ed): cuando 1 esta congelado no puede habalar
[00:47:03] jefry04 (885eb612-41e9-3de7-929c-bc73031132ed): y ademas que xray
[00:47:08] Nachus_GC (27cef4d1-62ad-3b6a-a0b1-375853a84c09): bien
[00:47:19] jefry04 (885eb612-41e9-3de7-929c-bc73031132ed): no hecho nada en el server mas que invetigar y morir
[00:47:21] jefry04 (885eb612-41e9-3de7-929c-bc73031132ed): xd
[00:47:38] Nachus_GC (27cef4d1-62ad-3b6a-a0b1-375853a84c09): Tengo alerta del sistema anticheat
[00:47:40] jefry04 (885eb612-41e9-3de7-929c-bc73031132ed): agregue un pack de recuerso
[00:47:52] jefry04 (885eb612-41e9-3de7-929c-bc73031132ed): pero es de mejor movimiento de aldenos y los animales
[00:48:20] jefry04 (885eb612-41e9-3de7-929c-bc73031132ed): ni siquira e minado Xd
[00:48:47] Nachus_GC (27cef4d1-62ad-3b6a-a0b1-375853a84c09): Eso tmb explica porque me salto hackspeed
[00:49:13] jefry04 (885eb612-41e9-3de7-929c-bc73031132ed): como asi ?
[00:49:19] Nachus_GC (27cef4d1-62ad-3b6a-a0b1-375853a84c09): aja
[00:49:25] jefry04 (885eb612-41e9-3de7-929c-bc73031132ed): de que
[00:49:54] jefry04 (885eb612-41e9-3de7-929c-bc73031132ed): mis cosas :(
[00:50:03] Nachus_GC (27cef4d1-62ad-3b6a-a0b1-375853a84c09): estan en el barril
[00:50:10] Nachus_GC (27cef4d1-62ad-3b6a-a0b1-375853a84c09): Ya me fije por cuenta propia
[00:50:11] jefry04 (885eb612-41e9-3de7-929c-bc73031132ed): cual de todos XD
[00:50:17] Nachus_GC (27cef4d1-62ad-3b6a-a0b1-375853a84c09): Disculpa las molestias
[00:50:23] jefry04 (885eb612-41e9-3de7-929c-bc73031132ed): dale esta bien
[00:50:30] Nachus_GC (27cef4d1-62ad-3b6a-a0b1-375853a84c09): El anticheat tiene que configurarse mejor
[00:50:30] jefry04 (885eb612-41e9-3de7-929c-bc73031132ed): investigar asi a los miembros
[00:50:35] jefry04 (885eb612-41e9-3de7-929c-bc73031132ed): pero mejora eso de fresh
[00:50:37] jefry04 (885eb612-41e9-3de7-929c-bc73031132ed): XD
[00:50:40] jefry04 (885eb612-41e9-3de7-929c-bc73031132ed): no podia hablar
[00:50:48] Nachus_GC (27cef4d1-62ad-3b6a-a0b1-375853a84c09): tambien lo hago xd
[00:50:49] jefry04 (885eb612-41e9-3de7-929c-bc73031132ed): escribia por discord
[00:51:31] xXDash_RedXx (2c47d6b8-e53e-38f3-b73c-a209e765d5cf): as
[00:52:42] xXDash_RedXx (2c47d6b8-e53e-38f3-b73c-a209e765d5cf): como creo un clan ._.
[00:53:15] Nachus_GC (27cef4d1-62ad-3b6a-a0b1-375853a84c09): Usa el /clan
[00:53:30] Gatelo89 (774f4deb-9250-302d-8954-b72c63669dde): nachus me podrias dar palos porfa
[00:53:44] Nachus_GC (27cef4d1-62ad-3b6a-a0b1-375853a84c09): no puedo
[00:53:47] Nachus_GC (27cef4d1-62ad-3b6a-a0b1-375853a84c09): toy lejos
[00:54:06] xXDash_RedXx (2c47d6b8-e53e-38f3-b73c-a209e765d5cf): xd eso ise
[00:57:47] xXDash_RedXx (2c47d6b8-e53e-38f3-b73c-a209e765d5cf): cuando me dice inserte ek nombre del
[00:57:50] xXDash_RedXx (2c47d6b8-e53e-38f3-b73c-a209e765d5cf): clan
[00:58:04] xXDash_RedXx (2c47d6b8-e53e-38f3-b73c-a209e765d5cf): como le pongo
[00:58:17] Nachus_GC (27cef4d1-62ad-3b6a-a0b1-375853a84c09): Pones el nombre del clan sin espacios
[00:58:19] Nachus_GC (27cef4d1-62ad-3b6a-a0b1-375853a84c09): tipo
[00:58:24] Nachus_GC (27cef4d1-62ad-3b6a-a0b1-375853a84c09): LaTopoGang
[00:58:28] Nachus_GC (27cef4d1-62ad-3b6a-a0b1-375853a84c09): o algo asi
[00:58:29] xXDash_RedXx (2c47d6b8-e53e-38f3-b73c-a209e765d5cf): eso ago
[00:58:43] xXDash_RedXx (2c47d6b8-e53e-38f3-b73c-a209e765d5cf): ./clan create elnombrexd
[00:58:50] Nachus_GC (27cef4d1-62ad-3b6a-a0b1-375853a84c09): asi xd
[00:58:57] xXDash_RedXx (2c47d6b8-e53e-38f3-b73c-a209e765d5cf): eso ago
[00:59:09] Nachus_GC (27cef4d1-62ad-3b6a-a0b1-375853a84c09): no t deja?
[01:00:07] xXDash_RedXx (2c47d6b8-e53e-38f3-b73c-a209e765d5cf): y me dice q el tag del clan solo puede contener 5 caracteres pero la tag ya se la pongo
[01:01:17] Nachus_GC (27cef4d1-62ad-3b6a-a0b1-375853a84c09): aah
[01:01:26] Nachus_GC (27cef4d1-62ad-3b6a-a0b1-375853a84c09): tons noc XD
[01:06:51] xXDash_RedXx (2c47d6b8-e53e-38f3-b73c-a209e765d5cf): as
[01:06:54] xXDash_RedXx (2c47d6b8-e53e-38f3-b73c-a209e765d5cf): por q n puedo
[01:06:57] xXDash_RedXx (2c47d6b8-e53e-38f3-b73c-a209e765d5cf): pipipi
[01:08:22] Nachus_GC (27cef4d1-62ad-3b6a-a0b1-375853a84c09): tmre
[01:10:11] xXDash_RedXx (2c47d6b8-e53e-38f3-b73c-a209e765d5cf): a+}
[01:10:14] xXDash_RedXx (2c47d6b8-e53e-38f3-b73c-a209e765d5cf): :O
[01:10:16] xXDash_RedXx (2c47d6b8-e53e-38f3-b73c-a209e765d5cf): tengo clan
[01:10:19] xXDash_RedXx (2c47d6b8-e53e-38f3-b73c-a209e765d5cf): q bendi
[01:13:55] Gatelo89 (774f4deb-9250-302d-8954-b72c63669dde): coloquen el backkkk
[01:14:00] jefry04 (885eb612-41e9-3de7-929c-bc73031132ed): XD
[01:14:08] xXDash_RedXx (2c47d6b8-e53e-38f3-b73c-a209e765d5cf): nachus
[01:14:08] jefry04 (885eb612-41e9-3de7-929c-bc73031132ed): mate a puños 1 por 1
[01:14:12] jefry04 (885eb612-41e9-3de7-929c-bc73031132ed): JAJAJAJA
[01:14:21] jefry04 (885eb612-41e9-3de7-929c-bc73031132ed): y mori como 10 veces
[01:14:57] xXDash_RedXx (2c47d6b8-e53e-38f3-b73c-a209e765d5cf): xd
[01:15:25] jefry04 (885eb612-41e9-3de7-929c-bc73031132ed): ´perdi mi cosas pero los mate
[01:16:02] xXDash_RedXx (2c47d6b8-e53e-38f3-b73c-a209e765d5cf): nachus
[01:16:05] Nachus_GC (27cef4d1-62ad-3b6a-a0b1-375853a84c09): q
[01:16:12] xXDash_RedXx (2c47d6b8-e53e-38f3-b73c-a209e765d5cf): puedes verificar mi clan?
[01:16:15] Gatelo89 (774f4deb-9250-302d-8954-b72c63669dde): pero qu
[01:16:20] Nachus_GC (27cef4d1-62ad-3b6a-a0b1-375853a84c09): como?
[01:16:21] Gatelo89 (774f4deb-9250-302d-8954-b72c63669dde): me eliminaron las cosas
[01:16:23] xXDash_RedXx (2c47d6b8-e53e-38f3-b73c-a209e765d5cf): no se
[01:16:23] Gatelo89 (774f4deb-9250-302d-8954-b72c63669dde): que mamera
[01:16:31] xXDash_RedXx (2c47d6b8-e53e-38f3-b73c-a209e765d5cf): ash lo iso
[01:16:35] xXDash_RedXx (2c47d6b8-e53e-38f3-b73c-a209e765d5cf): con el de solovalle
[01:16:36] xXDash_RedXx (2c47d6b8-e53e-38f3-b73c-a209e765d5cf): xd
[01:17:33] Nachus_GC (27cef4d1-62ad-3b6a-a0b1-375853a84c09): tmre
[01:17:42] Nachus_GC (27cef4d1-62ad-3b6a-a0b1-375853a84c09): No puedo xd
[01:17:49] xXDash_RedXx (2c47d6b8-e53e-38f3-b73c-a209e765d5cf): a bueno ok
[01:18:43] Gatelo89 (774f4deb-9250-302d-8954-b72c63669dde): coloque ell back
[01:18:52] Gatelo89 (774f4deb-9250-302d-8954-b72c63669dde): porque ek server elimina todooo
[01:19:12] jefry04 (885eb612-41e9-3de7-929c-bc73031132ed): para que los items no de le lag
[01:19:23] Gatelo89 (774f4deb-9250-302d-8954-b72c63669dde): pero no c coloque un /back
[01:19:28] jefry04 (885eb612-41e9-3de7-929c-bc73031132ed): pero no se porque justo cuando 1 muere y tienen sus items
[01:19:30] Gatelo89 (774f4deb-9250-302d-8954-b72c63669dde): por lo menos
[01:21:35] xXDash_RedXx (2c47d6b8-e53e-38f3-b73c-a209e765d5cf): ._.
[01:21:48] xXDash_RedXx (2c47d6b8-e53e-38f3-b73c-a209e765d5cf): xd intente ponerle color al nombre del clan
[01:21:57] xXDash_RedXx (2c47d6b8-e53e-38f3-b73c-a209e765d5cf): y me dice q no puede contener formato de colores
[01:22:00] xXDash_RedXx (2c47d6b8-e53e-38f3-b73c-a209e765d5cf): pipipi
[01:22:09] Nachus_GC (27cef4d1-62ad-3b6a-a0b1-375853a84c09): pipipi
[01:22:19] Nachus_GC (27cef4d1-62ad-3b6a-a0b1-375853a84c09): eso es pq hay que configurarle el color
[01:22:28] xXDash_RedXx (2c47d6b8-e53e-38f3-b73c-a209e765d5cf): como se configura?
[01:22:30] Nachus_GC (27cef4d1-62ad-3b6a-a0b1-375853a84c09): con comandos
[01:22:35] xXDash_RedXx (2c47d6b8-e53e-38f3-b73c-a209e765d5cf): cuales?
[01:22:36] xXDash_RedXx (2c47d6b8-e53e-38f3-b73c-a209e765d5cf): xd
[01:22:38] Nachus_GC (27cef4d1-62ad-3b6a-a0b1-375853a84c09): No me acuerdo
[01:22:39] Nachus_GC (27cef4d1-62ad-3b6a-a0b1-375853a84c09): XD
[01:22:40] xXDash_RedXx (2c47d6b8-e53e-38f3-b73c-a209e765d5cf): A
[01:22:41] xXDash_RedXx (2c47d6b8-e53e-38f3-b73c-a209e765d5cf): XD
[01:22:48] Nachus_GC (27cef4d1-62ad-3b6a-a0b1-375853a84c09): soy pesimo con los plugins
[01:22:59] Nachus_GC (27cef4d1-62ad-3b6a-a0b1-375853a84c09): con los mods soy re experto
[01:23:09] Nachus_GC (27cef4d1-62ad-3b6a-a0b1-375853a84c09): pero con los plugins no pego ni con moco
[01:23:12] jefry04 (885eb612-41e9-3de7-929c-bc73031132ed): para el fresh si
[01:23:19] Nachus_GC (27cef4d1-62ad-3b6a-a0b1-375853a84c09): xd
[01:23:28] xXDash_RedXx (2c47d6b8-e53e-38f3-b73c-a209e765d5cf): XD
[01:23:31] Nachus_GC (27cef4d1-62ad-3b6a-a0b1-375853a84c09): skill modder
[01:24:16] Nachus_GC (27cef4d1-62ad-3b6a-a0b1-375853a84c09): tengo ganas de peliar Dash
[01:24:24] xXDash_RedXx (2c47d6b8-e53e-38f3-b73c-a209e765d5cf): xd
[01:24:37] xXDash_RedXx (2c47d6b8-e53e-38f3-b73c-a209e765d5cf): peloe contra ti y me matas en 5 segundos
[01:24:45] Nachus_GC (27cef4d1-62ad-3b6a-a0b1-375853a84c09): bancame q hago un crimen en una aldea y voy porti
[01:24:58] Nachus_GC (27cef4d1-62ad-3b6a-a0b1-375853a84c09): chale si cierto xd
[01:25:06] xXDash_RedXx (2c47d6b8-e53e-38f3-b73c-a209e765d5cf): XD
[01:26:34] jefry04 (885eb612-41e9-3de7-929c-bc73031132ed): nachus
[01:26:39] Nachus_GC (27cef4d1-62ad-3b6a-a0b1-375853a84c09): q
[01:26:48] jefry04 (885eb612-41e9-3de7-929c-bc73031132ed): me puedes hacer un favor :)
[01:26:57] Nachus_GC (27cef4d1-62ad-3b6a-a0b1-375853a84c09): tenias elitras?
[01:27:07] jefry04 (885eb612-41e9-3de7-929c-bc73031132ed): ?
[01:27:11] xXDash_RedXx (2c47d6b8-e53e-38f3-b73c-a209e765d5cf): nachus
[01:27:15] Nachus_GC (27cef4d1-62ad-3b6a-a0b1-375853a84c09): olvidalo
[01:27:18] xXDash_RedXx (2c47d6b8-e53e-38f3-b73c-a209e765d5cf): puedes pobrar poniendo
[01:27:19] Nachus_GC (27cef4d1-62ad-3b6a-a0b1-375853a84c09): Dime el favor
[01:27:23] jefry04 (885eb612-41e9-3de7-929c-bc73031132ed): antes que se desaparescan mis cosas
[01:27:26] jefry04 (885eb612-41e9-3de7-929c-bc73031132ed): porfa
[01:27:35] xXDash_RedXx (2c47d6b8-e53e-38f3-b73c-a209e765d5cf): ./clan verify Vixens
[01:27:37] jefry04 (885eb612-41e9-3de7-929c-bc73031132ed): hazme tp a mi muerte esta re lejos
[01:27:44] Nachus_GC (27cef4d1-62ad-3b6a-a0b1-375853a84c09): nose donde es
[01:27:48] Nachus_GC (27cef4d1-62ad-3b6a-a0b1-375853a84c09): dime coords
[01:28:37] jefry04 (885eb612-41e9-3de7-929c-bc73031132ed): donde veo las coorde de mi ultima muerte
[01:28:50] Nachus_GC (27cef4d1-62ad-3b6a-a0b1-375853a84c09): con el mapa
[01:29:48] jefry04 (885eb612-41e9-3de7-929c-bc73031132ed): 439 , -3932 , 114
[01:30:06] jefry04 (885eb612-41e9-3de7-929c-bc73031132ed): 70
[01:30:10] jefry04 (885eb612-41e9-3de7-929c-bc73031132ed): no 114
[01:31:03] Nachus_GC (27cef4d1-62ad-3b6a-a0b1-375853a84c09): aqui es?
[01:31:08] jefry04 (885eb612-41e9-3de7-929c-bc73031132ed): no
[01:31:12] jefry04 (885eb612-41e9-3de7-929c-bc73031132ed): estoy en una cuevaa
[01:31:12] Nachus_GC (27cef4d1-62ad-3b6a-a0b1-375853a84c09): XD
[01:31:14] jefry04 (885eb612-41e9-3de7-929c-bc73031132ed): aahahha
[01:31:46] jefry04 (885eb612-41e9-3de7-929c-bc73031132ed): era 70 en vez de 114
[01:31:48] jefry04 (885eb612-41e9-3de7-929c-bc73031132ed): XD
[01:33:28] jefry04 (885eb612-41e9-3de7-929c-bc73031132ed): pero igual gracioas :)
[01:34:48] Nachus_GC (27cef4d1-62ad-3b6a-a0b1-375853a84c09): nmms
[01:34:59] Nachus_GC (27cef4d1-62ad-3b6a-a0b1-375853a84c09): las coords estan bien raras
[01:35:08] Nachus_GC (27cef4d1-62ad-3b6a-a0b1-375853a84c09): igual se borro todo
[01:35:12] Nachus_GC (27cef4d1-62ad-3b6a-a0b1-375853a84c09): pipipi
[01:38:30] xXDash_RedXx (2c47d6b8-e53e-38f3-b73c-a209e765d5cf): donde estas nachus
[01:38:37] xXDash_RedXx (2c47d6b8-e53e-38f3-b73c-a209e765d5cf): meaparece q estas en mi base XD
[01:38:40] Nachus_GC (27cef4d1-62ad-3b6a-a0b1-375853a84c09): aqui
[01:38:42] xXDash_RedXx (2c47d6b8-e53e-38f3-b73c-a209e765d5cf): XD
[01:38:48] Nachus_GC (27cef4d1-62ad-3b6a-a0b1-375853a84c09): checa
[01:38:56] xXDash_RedXx (2c47d6b8-e53e-38f3-b73c-a209e765d5cf): yo si la e tenido
[01:39:02] xXDash_RedXx (2c47d6b8-e53e-38f3-b73c-a209e765d5cf): solo la perdi muriendo
[01:39:28] Nachus_GC (27cef4d1-62ad-3b6a-a0b1-375853a84c09): un regalo
[01:39:33] xXDash_RedXx (2c47d6b8-e53e-38f3-b73c-a209e765d5cf): DONDE'
[01:39:44] Nachus_GC (27cef4d1-62ad-3b6a-a0b1-375853a84c09): ese es wn
[01:39:49] xXDash_RedXx (2c47d6b8-e53e-38f3-b73c-a209e765d5cf): a gracias :D
[01:40:10] Nachus_GC (27cef4d1-62ad-3b6a-a0b1-375853a84c09): le queria dar uno a Jefry pero se rageo
[01:40:15] xXDash_RedXx (2c47d6b8-e53e-38f3-b73c-a209e765d5cf): XD
[01:40:29] xXDash_RedXx (2c47d6b8-e53e-38f3-b73c-a209e765d5cf): q creo
[01:40:32] Nachus_GC (27cef4d1-62ad-3b6a-a0b1-375853a84c09): hay cosas que ni los moders podemos hacer
[01:40:34] xXDash_RedXx (2c47d6b8-e53e-38f3-b73c-a209e765d5cf): q se estreso de morir
[01:40:42] Nachus_GC (27cef4d1-62ad-3b6a-a0b1-375853a84c09): ysi
[01:40:51] Nachus_GC (27cef4d1-62ad-3b6a-a0b1-375853a84c09): es dificil empezar en el mundo
[01:41:23] xXDash_RedXx (2c47d6b8-e53e-38f3-b73c-a209e765d5cf): y eso como haces xd
[01:41:34] xXDash_RedXx (2c47d6b8-e53e-38f3-b73c-a209e765d5cf): solo valle tiene uno pero de tp
[01:41:35] Nachus_GC (27cef4d1-62ad-3b6a-a0b1-375853a84c09): con tomos de habilidades
[01:41:38] xXDash_RedXx (2c47d6b8-e53e-38f3-b73c-a209e765d5cf): de enderman
[01:41:50] xXDash_RedXx (2c47d6b8-e53e-38f3-b73c-a209e765d5cf): esas de alla son de solovalle
[01:41:56] Nachus_GC (27cef4d1-62ad-3b6a-a0b1-375853a84c09): si matas muchos bichos te los dan
[01:42:16] xXDash_RedXx (2c47d6b8-e53e-38f3-b73c-a209e765d5cf): ._.
[01:42:32] Nachus_GC (27cef4d1-62ad-3b6a-a0b1-375853a84c09): parezco un boss del dark souls
[01:42:42] xXDash_RedXx (2c47d6b8-e53e-38f3-b73c-a209e765d5cf): SI XD
[01:43:02] xXDash_RedXx (2c47d6b8-e53e-38f3-b73c-a209e765d5cf): YO TENGO LAS PARTICULAS BUGUEADAS
[01:43:12] xXDash_RedXx (2c47d6b8-e53e-38f3-b73c-a209e765d5cf): todads las particulas las veo negras
[01:43:13] Nachus_GC (27cef4d1-62ad-3b6a-a0b1-375853a84c09): pq xd?
[01:43:18] xXDash_RedXx (2c47d6b8-e53e-38f3-b73c-a209e765d5cf): no se
[01:43:28] Nachus_GC (27cef4d1-62ad-3b6a-a0b1-375853a84c09): tenes para refresh?
[01:43:45] xXDash_RedXx (2c47d6b8-e53e-38f3-b73c-a209e765d5cf): q refres
[01:43:46] xXDash_RedXx (2c47d6b8-e53e-38f3-b73c-a209e765d5cf): h
[01:43:59] Nachus_GC (27cef4d1-62ad-3b6a-a0b1-375853a84c09): para recargar las texturas
[01:44:03] xXDash_RedXx (2c47d6b8-e53e-38f3-b73c-a209e765d5cf): no creo
[01:45:01] xXDash_RedXx (2c47d6b8-e53e-38f3-b73c-a209e765d5cf): quier ampliar
[01:45:03] xXDash_RedXx (2c47d6b8-e53e-38f3-b73c-a209e765d5cf): todo esto
[01:45:06] xXDash_RedXx (2c47d6b8-e53e-38f3-b73c-a209e765d5cf): pero
[01:45:12] xXDash_RedXx (2c47d6b8-e53e-38f3-b73c-a209e765d5cf): a la vez irme de aqui
[01:45:16] xXDash_RedXx (2c47d6b8-e53e-38f3-b73c-a209e765d5cf): y hacer otra base
[01:45:19] Nachus_GC (27cef4d1-62ad-3b6a-a0b1-375853a84c09): hmm
[01:45:30] Nachus_GC (27cef4d1-62ad-3b6a-a0b1-375853a84c09): puedes buscar hacer lo mismo
[01:45:37] Nachus_GC (27cef4d1-62ad-3b6a-a0b1-375853a84c09): tipo base subterranea
[01:45:40] Nachus_GC (27cef4d1-62ad-3b6a-a0b1-375853a84c09): en otro lado
[01:46:12] xXDash_RedXx (2c47d6b8-e53e-38f3-b73c-a209e765d5cf): si eso quiero hacer
[01:46:23] xXDash_RedXx (2c47d6b8-e53e-38f3-b73c-a209e765d5cf): pero esa q sea la permanente
[01:46:32] xXDash_RedXx (2c47d6b8-e53e-38f3-b73c-a209e765d5cf): y esta de emergencias
[01:46:43] Nachus_GC (27cef4d1-62ad-3b6a-a0b1-375853a84c09): seh
[01:47:04] xXDash_RedXx (2c47d6b8-e53e-38f3-b73c-a209e765d5cf): por ejemplo cuando alla un monton de gente en el server y me declaren guerra de clan me destruyen la base permanente
[01:47:10] xXDash_RedXx (2c47d6b8-e53e-38f3-b73c-a209e765d5cf): tengo esta de emergenca
[01:47:11] xXDash_RedXx (2c47d6b8-e53e-38f3-b73c-a209e765d5cf): cia
[01:47:18] Nachus_GC (27cef4d1-62ad-3b6a-a0b1-375853a84c09): yam
[01:47:33] Nachus_GC (27cef4d1-62ad-3b6a-a0b1-375853a84c09): quiza te pueda ayudar a buscar una
[01:47:45] xXDash_RedXx (2c47d6b8-e53e-38f3-b73c-a209e765d5cf): si pls
[01:48:27] Nachus_GC (27cef4d1-62ad-3b6a-a0b1-375853a84c09): mira esto
[01:48:27] xXDash_RedXx (2c47d6b8-e53e-38f3-b73c-a209e765d5cf): eso para un amigo
[01:48:34] xXDash_RedXx (2c47d6b8-e53e-38f3-b73c-a209e765d5cf): ya lo leei
[01:48:46] Nachus_GC (27cef4d1-62ad-3b6a-a0b1-375853a84c09): avr usa la habilidad
[01:48:53] xXDash_RedXx (2c47d6b8-e53e-38f3-b73c-a209e765d5cf): no se como xd
[01:48:53] Nachus_GC (27cef4d1-62ad-3b6a-a0b1-375853a84c09): ponte modo pelea
[01:49:12] xXDash_RedXx (2c47d6b8-e53e-38f3-b73c-a209e765d5cf): OO
[01:49:20] Nachus_GC (27cef4d1-62ad-3b6a-a0b1-375853a84c09): ves
[01:50:15] Nachus_GC (27cef4d1-62ad-3b6a-a0b1-375853a84c09): esta guapo
[01:50:19] xXDash_RedXx (2c47d6b8-e53e-38f3-b73c-a209e765d5cf): SIIP
[01:50:21] xXDash_RedXx (2c47d6b8-e53e-38f3-b73c-a209e765d5cf): GOOD
[01:50:25] xXDash_RedXx (2c47d6b8-e53e-38f3-b73c-a209e765d5cf): grax
[01:50:58] Nachus_GC (27cef4d1-62ad-3b6a-a0b1-375853a84c09): voy a buscarte una explanada
[02:38:22] AshOficialMC (5ecebb8e-5ec6-313a-aa5e-6b9ddd226bc1): volvi
[02:38:27] Nachus_GC (27cef4d1-62ad-3b6a-a0b1-375853a84c09): olas
[02:38:33] AshOficialMC (5ecebb8e-5ec6-313a-aa5e-6b9ddd226bc1): holas
[02:39:27] AshOficialMC (5ecebb8e-5ec6-313a-aa5e-6b9ddd226bc1): voy a meditar un rato afk
[02:39:37] Nachus_GC (27cef4d1-62ad-3b6a-a0b1-375853a84c09): bno pe
[02:39:40] Nachus_GC (27cef4d1-62ad-3b6a-a0b1-375853a84c09): mira la torre
[02:42:17] AshOficialMC (5ecebb8e-5ec6-313a-aa5e-6b9ddd226bc1): a que paso
[02:42:28] Nachus_GC (27cef4d1-62ad-3b6a-a0b1-375853a84c09): lo construi
[02:42:37] Nachus_GC (27cef4d1-62ad-3b6a-a0b1-375853a84c09): al fin la termine
[02:42:39] Nachus_GC (27cef4d1-62ad-3b6a-a0b1-375853a84c09): sigueme
[02:42:40] AshOficialMC (5ecebb8e-5ec6-313a-aa5e-6b9ddd226bc1): donde
[02:42:54] AshOficialMC (5ecebb8e-5ec6-313a-aa5e-6b9ddd226bc1): lagg
[02:42:55] Nachus_GC (27cef4d1-62ad-3b6a-a0b1-375853a84c09): vamos
[02:43:23] AshOficialMC (5ecebb8e-5ec6-313a-aa5e-6b9ddd226bc1): a
[02:43:44] Nachus_GC (27cef4d1-62ad-3b6a-a0b1-375853a84c09): mira desde afuera
[02:43:50] AshOficialMC (5ecebb8e-5ec6-313a-aa5e-6b9ddd226bc1): ALV
[02:44:59] AshOficialMC (5ecebb8e-5ec6-313a-aa5e-6b9ddd226bc1): perfecto
[02:45:17] Nachus_GC (27cef4d1-62ad-3b6a-a0b1-375853a84c09): me costo mas encontrar la calcita que todo lo demas wn
[02:45:20] AshOficialMC (5ecebb8e-5ec6-313a-aa5e-6b9ddd226bc1): vamo a testearla
[02:45:25] AshOficialMC (5ecebb8e-5ec6-313a-aa5e-6b9ddd226bc1): te quedo re piola
[02:45:29] Nachus_GC (27cef4d1-62ad-3b6a-a0b1-375853a84c09): gracias
[02:46:59] AshOficialMC (5ecebb8e-5ec6-313a-aa5e-6b9ddd226bc1): te quedaras ahi?
[02:47:06] Nachus_GC (27cef4d1-62ad-3b6a-a0b1-375853a84c09): si
[02:47:15] Nachus_GC (27cef4d1-62ad-3b6a-a0b1-375853a84c09): atraigo energia
[02:47:33] Nachus_GC (27cef4d1-62ad-3b6a-a0b1-375853a84c09): XD
[02:50:51] AshOficialMC (5ecebb8e-5ec6-313a-aa5e-6b9ddd226bc1): volvi
[02:50:56] Nachus_GC (27cef4d1-62ad-3b6a-a0b1-375853a84c09): ola
[02:51:09] AshOficialMC (5ecebb8e-5ec6-313a-aa5e-6b9ddd226bc1): quiero llegar a la etapa 3
[02:51:12] AshOficialMC (5ecebb8e-5ec6-313a-aa5e-6b9ddd226bc1): no mas ignorame
[02:51:16] Nachus_GC (27cef4d1-62ad-3b6a-a0b1-375853a84c09): bueno
[02:51:19] AshOficialMC (5ecebb8e-5ec6-313a-aa5e-6b9ddd226bc1): y no perturbes mi meditacion XD
[02:51:25] AshOficialMC (5ecebb8e-5ec6-313a-aa5e-6b9ddd226bc1): XDDDD
[02:51:25] Nachus_GC (27cef4d1-62ad-3b6a-a0b1-375853a84c09): XD
[02:58:11] AshOficialMC (5ecebb8e-5ec6-313a-aa5e-6b9ddd226bc1): SII legue a fase 3
[03:00:17] AshOficialMC (5ecebb8e-5ec6-313a-aa5e-6b9ddd226bc1): NOOO
[03:00:26] AshOficialMC (5ecebb8e-5ec6-313a-aa5e-6b9ddd226bc1): perdi mi progreso y era etapa 3 lpm
[03:00:26] Nachus_GC (27cef4d1-62ad-3b6a-a0b1-375853a84c09): nopuedeser man
[03:00:39] AshOficialMC (5ecebb8e-5ec6-313a-aa5e-6b9ddd226bc1): welcum
[03:01:14] NT_Matias (0837b5df-14e9-34dd-ba54-e7f9d8874402): Holaaa
[03:02:19] AshOficialMC (5ecebb8e-5ec6-313a-aa5e-6b9ddd226bc1): NOOOOOOOO
[03:02:35] NT_Matias (0837b5df-14e9-34dd-ba54-e7f9d8874402): q paso
[03:02:46] AshOficialMC (5ecebb8e-5ec6-313a-aa5e-6b9ddd226bc1): por culpa de un phantom perdi mi progreso
[03:03:14] NT_Matias (0837b5df-14e9-34dd-ba54-e7f9d8874402): me pueden dar algo?
[03:03:21] NT_Matias (0837b5df-14e9-34dd-ba54-e7f9d8874402): para empezar
[03:03:36] Nachus_GC (27cef4d1-62ad-3b6a-a0b1-375853a84c09): yo si
[03:03:39] Nachus_GC (27cef4d1-62ad-3b6a-a0b1-375853a84c09): uh
[03:03:41] Nachus_GC (27cef4d1-62ad-3b6a-a0b1-375853a84c09): tmre
[03:14:45] AshOficialMC (5ecebb8e-5ec6-313a-aa5e-6b9ddd226bc1): lag
[03:14:50] Nachus_GC (27cef4d1-62ad-3b6a-a0b1-375853a84c09): si xd
[03:18:32] AshOficialMC (5ecebb8e-5ec6-313a-aa5e-6b9ddd226bc1): dios
[03:23:00] AshOficialMC (5ecebb8e-5ec6-313a-aa5e-6b9ddd226bc1): esto tardara un rato
[03:23:04] AshOficialMC (5ecebb8e-5ec6-313a-aa5e-6b9ddd226bc1): pero valdra la pena
[03:24:53] AshOficialMC (5ecebb8e-5ec6-313a-aa5e-6b9ddd226bc1): ya estoy en etapa 3
[03:25:01] AshOficialMC (5ecebb8e-5ec6-313a-aa5e-6b9ddd226bc1): no mas farmear lo suficiente
[03:25:02] Nachus_GC (27cef4d1-62ad-3b6a-a0b1-375853a84c09): god
[03:25:21] Nachus_GC (27cef4d1-62ad-3b6a-a0b1-375853a84c09): q rico
[03:28:34] AshOficialMC (5ecebb8e-5ec6-313a-aa5e-6b9ddd226bc1): XD
[03:28:48] AshOficialMC (5ecebb8e-5ec6-313a-aa5e-6b9ddd226bc1): te falta meditar bro
[03:28:48] Nachus_GC (27cef4d1-62ad-3b6a-a0b1-375853a84c09): xd q
[03:28:53] Nachus_GC (27cef4d1-62ad-3b6a-a0b1-375853a84c09): XD
[03:28:56] AshOficialMC (5ecebb8e-5ec6-313a-aa5e-6b9ddd226bc1): estoy listo
[03:28:56] Nachus_GC (27cef4d1-62ad-3b6a-a0b1-375853a84c09): no gracias
[03:29:08] Nachus_GC (27cef4d1-62ad-3b6a-a0b1-375853a84c09): la hypervitalidad me ayuda mas creo
[03:29:16] AshOficialMC (5ecebb8e-5ec6-313a-aa5e-6b9ddd226bc1): eso crees XD
[03:29:25] Nachus_GC (27cef4d1-62ad-3b6a-a0b1-375853a84c09): no we
[03:29:42] AshOficialMC (5ecebb8e-5ec6-313a-aa5e-6b9ddd226bc1): q
[03:30:04] Nachus_GC (27cef4d1-62ad-3b6a-a0b1-375853a84c09): q no
[03:30:06] Nachus_GC (27cef4d1-62ad-3b6a-a0b1-375853a84c09): perate
[03:31:39] AshOficialMC (5ecebb8e-5ec6-313a-aa5e-6b9ddd226bc1): me papeo al warden
[03:31:44] Nachus_GC (27cef4d1-62ad-3b6a-a0b1-375853a84c09): XD
[03:31:52] Nachus_GC (27cef4d1-62ad-3b6a-a0b1-375853a84c09): bienvenido Ravrs
[03:31:59] Ravrs (459dca36-2181-3c33-a124-4f16d4eebe09): ola
[03:32:17] AshOficialMC (5ecebb8e-5ec6-313a-aa5e-6b9ddd226bc1): no me duro nada
[03:32:28] Nachus_GC (27cef4d1-62ad-3b6a-a0b1-375853a84c09): si jaja
[03:32:38] Ravrs (459dca36-2181-3c33-a124-4f16d4eebe09): no entiendo nada
[03:32:57] Nachus_GC (27cef4d1-62ad-3b6a-a0b1-375853a84c09): es q Ash andaba probando una habilidad de pelea
[03:33:13] Nachus_GC (27cef4d1-62ad-3b6a-a0b1-375853a84c09): y no le sirve pa nah
[03:33:15] Ravrs (459dca36-2181-3c33-a124-4f16d4eebe09): que tan avanzados estan??
[03:33:26] AshOficialMC (5ecebb8e-5ec6-313a-aa5e-6b9ddd226bc1): no mas nosotros dos estamos avanzados
[03:33:31] AshOficialMC (5ecebb8e-5ec6-313a-aa5e-6b9ddd226bc1): los demas meh
[03:33:32] Ravrs (459dca36-2181-3c33-a124-4f16d4eebe09): pero que tanto
[03:33:46] Nachus_GC (27cef4d1-62ad-3b6a-a0b1-375853a84c09): Ash y yo deleteamos al Ender Dragon
[03:33:52] Nachus_GC (27cef4d1-62ad-3b6a-a0b1-375853a84c09): Nos faltan 5 bosses mas
[03:33:58] Nachus_GC (27cef4d1-62ad-3b6a-a0b1-375853a84c09): mas o menos
[03:34:02] AshOficialMC (5ecebb8e-5ec6-313a-aa5e-6b9ddd226bc1): ya me papie al warden
[03:34:13] AshOficialMC (5ecebb8e-5ec6-313a-aa5e-6b9ddd226bc1): hay 71 personas y nosotros acarreamos el serv XD
[03:34:21] Nachus_GC (27cef4d1-62ad-3b6a-a0b1-375853a84c09): XD
[03:34:34] Ravrs (459dca36-2181-3c33-a124-4f16d4eebe09): WTF
[03:34:38] AshOficialMC (5ecebb8e-5ec6-313a-aa5e-6b9ddd226bc1): q
[03:34:39] Ravrs (459dca36-2181-3c33-a124-4f16d4eebe09): cuanto lleva el server?
[03:34:54] AshOficialMC (5ecebb8e-5ec6-313a-aa5e-6b9ddd226bc1): desde que se reinicio como 4 dias creo
[03:35:14] Nachus_GC (27cef4d1-62ad-3b6a-a0b1-375853a84c09): no we
[03:35:19] AshOficialMC (5ecebb8e-5ec6-313a-aa5e-6b9ddd226bc1): cuantos
[03:35:20] Nachus_GC (27cef4d1-62ad-3b6a-a0b1-375853a84c09): paso mas de 1 semana
[03:35:24] AshOficialMC (5ecebb8e-5ec6-313a-aa5e-6b9ddd226bc1): a
[03:36:34] AshOficialMC (5ecebb8e-5ec6-313a-aa5e-6b9ddd226bc1): Nacho voy a probar unas cosas, vuelvo despues
[03:36:44] Nachus_GC (27cef4d1-62ad-3b6a-a0b1-375853a84c09): bueno
[03:38:33] Ravrs (459dca36-2181-3c33-a124-4f16d4eebe09): es la primera vez que con mas de 100 mods el minecraft me va a 400 fps
[03:38:46] Nachus_GC (27cef4d1-62ad-3b6a-a0b1-375853a84c09): enserio?
[03:38:51] Ravrs (459dca36-2181-3c33-a124-4f16d4eebe09): sup
[03:38:55] Nachus_GC (27cef4d1-62ad-3b6a-a0b1-375853a84c09): wah
[03:39:23] Nachus_GC (27cef4d1-62ad-3b6a-a0b1-375853a84c09): imagina q yo esperaba q ni funcionara la pc
[03:47:26] Ravrs (459dca36-2181-3c33-a124-4f16d4eebe09): cual es el minearl mas valioso aqui?
[03:47:48] Nachus_GC (27cef4d1-62ad-3b6a-a0b1-375853a84c09): diria que los de las alex's caves
[03:48:03] Nachus_GC (27cef4d1-62ad-3b6a-a0b1-375853a84c09): porque son escasos
[03:48:04] Ravrs (459dca36-2181-3c33-a124-4f16d4eebe09): encontre esmeralda y no lo puedo picar XD
[03:48:10] Nachus_GC (27cef4d1-62ad-3b6a-a0b1-375853a84c09): xd
[03:48:28] Nachus_GC (27cef4d1-62ad-3b6a-a0b1-375853a84c09): con esmeralda podes hacer armadura
[03:48:37] Ravrs (459dca36-2181-3c33-a124-4f16d4eebe09): enserio??
[03:48:43] Nachus_GC (27cef4d1-62ad-3b6a-a0b1-375853a84c09): sip
[03:48:51] Ravrs (459dca36-2181-3c33-a124-4f16d4eebe09): es mejor q la de diamante?
[03:49:25] Nachus_GC (27cef4d1-62ad-3b6a-a0b1-375853a84c09): son lijeras
[03:49:31] Nachus_GC (27cef4d1-62ad-3b6a-a0b1-375853a84c09): pero estan a la par
[03:49:37] Ravrs (459dca36-2181-3c33-a124-4f16d4eebe09): oo
[03:49:38] Ravrs (459dca36-2181-3c33-a124-4f16d4eebe09): okay
[03:49:44] Nachus_GC (27cef4d1-62ad-3b6a-a0b1-375853a84c09): solo ocupas lagrimas de gasth
[04:11:45] AshOficialMC (5ecebb8e-5ec6-313a-aa5e-6b9ddd226bc1): volvi
[04:13:42] AshOficialMC (5ecebb8e-5ec6-313a-aa5e-6b9ddd226bc1): a
[04:19:25] AshOficialMC (5ecebb8e-5ec6-313a-aa5e-6b9ddd226bc1): bro
[04:19:32] Nachus_GC (27cef4d1-62ad-3b6a-a0b1-375853a84c09): que pas
[04:19:39] AshOficialMC (5ecebb8e-5ec6-313a-aa5e-6b9ddd226bc1): anono nada xd
[04:19:45] AshOficialMC (5ecebb8e-5ec6-313a-aa5e-6b9ddd226bc1): me confundi algo
[04:23:04] Nachus_GC (27cef4d1-62ad-3b6a-a0b1-375853a84c09): tmre
[04:23:13] Nachus_GC (27cef4d1-62ad-3b6a-a0b1-375853a84c09): no se si revivir al ender dragon o no
[04:23:19] Nachus_GC (27cef4d1-62ad-3b6a-a0b1-375853a84c09): para sacar fotos
[04:23:46] Nachus_GC (27cef4d1-62ad-3b6a-a0b1-375853a84c09): q dices
[04:24:02] Nachus_GC (27cef4d1-62ad-3b6a-a0b1-375853a84c09): no bueno
[04:34:34] AshOficialMC (5ecebb8e-5ec6-313a-aa5e-6b9ddd226bc1): sisis
[04:34:40] AshOficialMC (5ecebb8e-5ec6-313a-aa5e-6b9ddd226bc1): revivelo ni es necesario
[04:35:09] AshOficialMC (5ecebb8e-5ec6-313a-aa5e-6b9ddd226bc1): voy a ir trabajando en la ultima Act que creo que el servidor recibira, vendran como 3 mods
[04:35:24] AshOficialMC (5ecebb8e-5ec6-313a-aa5e-6b9ddd226bc1): pero son muy utiles y traeran cositas
