[03:34:47] AshOficialMC (5ecebb8e-5ec6-313a-aa5e-6b9ddd226bc1): a
[03:43:31] Nachus_GC (27cef4d1-62ad-3b6a-a0b1-375853a84c09): *chequea*
[03:44:12] Nachus_GC (27cef4d1-62ad-3b6a-a0b1-375853a84c09): Che Ash
[03:44:25] Nachus_GC (27cef4d1-62ad-3b6a-a0b1-375853a84c09): pasa data si quieres q haga algo en especifico
[03:45:20] AshOficialMC (5ecebb8e-5ec6-313a-aa5e-6b9ddd226bc1): data de q
[03:45:36] AshOficialMC (5ecebb8e-5ec6-313a-aa5e-6b9ddd226bc1): aaaa
[03:45:37] Nachus_GC (27cef4d1-62ad-3b6a-a0b1-375853a84c09): q si queres q haga algo ave si se va alv el sv
[03:45:52] AshOficialMC (5ecebb8e-5ec6-313a-aa5e-6b9ddd226bc1): solo juega normal y me dices si pasa algo
[03:45:55] AshOficialMC (5ecebb8e-5ec6-313a-aa5e-6b9ddd226bc1): por cierto
[03:46:02] AshOficialMC (5ecebb8e-5ec6-313a-aa5e-6b9ddd226bc1): quitame el op un momento aver algo
[03:46:12] Nachus_GC (27cef4d1-62ad-3b6a-a0b1-375853a84c09): como le hago?
[03:46:27] AshOficialMC (5ecebb8e-5ec6-313a-aa5e-6b9ddd226bc1): ./deop ashoficialmc
[03:46:41] Nachus_GC (27cef4d1-62ad-3b6a-a0b1-375853a84c09): lito
[03:46:46] Nachus_GC (27cef4d1-62ad-3b6a-a0b1-375853a84c09): A
[03:48:05] AshOficialMC (5ecebb8e-5ec6-313a-aa5e-6b9ddd226bc1): aea
[03:48:05] Nachus_GC (27cef4d1-62ad-3b6a-a0b1-375853a84c09): welcum
[03:48:11] AshOficialMC (5ecebb8e-5ec6-313a-aa5e-6b9ddd226bc1): no me dejaba escribir
[03:48:18] Nachus_GC (27cef4d1-62ad-3b6a-a0b1-375853a84c09): cuando hablaba me salia q nadie escucha
[03:48:20] Nachus_GC (27cef4d1-62ad-3b6a-a0b1-375853a84c09): tipo
[03:48:45] Nachus_GC (27cef4d1-62ad-3b6a-a0b1-375853a84c09): Nobody heard you
[03:48:45] Nachus_GC (27cef4d1-62ad-3b6a-a0b1-375853a84c09): alv
[03:48:49] AshOficialMC (5ecebb8e-5ec6-313a-aa5e-6b9ddd226bc1): eso pasa cuando no detecta jugadores
[03:48:51] Nachus_GC (27cef4d1-62ad-3b6a-a0b1-375853a84c09): Q LAGASO
[03:48:52] AshOficialMC (5ecebb8e-5ec6-313a-aa5e-6b9ddd226bc1): XD
[03:48:57] AshOficialMC (5ecebb8e-5ec6-313a-aa5e-6b9ddd226bc1): ahora si
[03:49:00] AshOficialMC (5ecebb8e-5ec6-313a-aa5e-6b9ddd226bc1): quitame el op de nuevo
[03:49:21] AshOficialMC (5ecebb8e-5ec6-313a-aa5e-6b9ddd226bc1): oee
[03:49:30] Nachus_GC (27cef4d1-62ad-3b6a-a0b1-375853a84c09): me encontre 2 blasters
[03:49:33] Nachus_GC (27cef4d1-62ad-3b6a-a0b1-375853a84c09): q
[03:49:37] AshOficialMC (5ecebb8e-5ec6-313a-aa5e-6b9ddd226bc1): quitame el op de nuevo
[03:49:40] Nachus_GC (27cef4d1-62ad-3b6a-a0b1-375853a84c09): ya no me salta el aviso
[03:49:45] AshOficialMC (5ecebb8e-5ec6-313a-aa5e-6b9ddd226bc1): ya?
[03:49:56] Nachus_GC (27cef4d1-62ad-3b6a-a0b1-375853a84c09): ya no te puedo des opear
[03:50:37] AshOficialMC (5ecebb8e-5ec6-313a-aa5e-6b9ddd226bc1): oe voy a abandonar el clan y luego me invitas de nuevo
[03:50:41] AshOficialMC (5ecebb8e-5ec6-313a-aa5e-6b9ddd226bc1): quiero probar algo
[03:50:44] Nachus_GC (27cef4d1-62ad-3b6a-a0b1-375853a84c09): bueno
[03:51:06] AshOficialMC (5ecebb8e-5ec6-313a-aa5e-6b9ddd226bc1): bruh
[03:51:10] AshOficialMC (5ecebb8e-5ec6-313a-aa5e-6b9ddd226bc1): bueno todo piola
[03:51:12] Nachus_GC (27cef4d1-62ad-3b6a-a0b1-375853a84c09): que pex
[03:51:15] AshOficialMC (5ecebb8e-5ec6-313a-aa5e-6b9ddd226bc1): dame op de nuevo xd
[03:51:29] AshOficialMC (5ecebb8e-5ec6-313a-aa5e-6b9ddd226bc1): queria verificar si podian usar el /clan los miembros
[03:51:38] AshOficialMC (5ecebb8e-5ec6-313a-aa5e-6b9ddd226bc1): y si
[03:51:42] Nachus_GC (27cef4d1-62ad-3b6a-a0b1-375853a84c09): ah ok
[03:51:53] AshOficialMC (5ecebb8e-5ec6-313a-aa5e-6b9ddd226bc1): ah ocupo algo de vos
[03:52:03] Nachus_GC (27cef4d1-62ad-3b6a-a0b1-375853a84c09): q
[03:52:16] AshOficialMC (5ecebb8e-5ec6-313a-aa5e-6b9ddd226bc1): creame un kit
[03:52:21] AshOficialMC (5ecebb8e-5ec6-313a-aa5e-6b9ddd226bc1): para el rango vip
[03:52:27] Nachus_GC (27cef4d1-62ad-3b6a-a0b1-375853a84c09): como le hago o q
[03:52:33] AshOficialMC (5ecebb8e-5ec6-313a-aa5e-6b9ddd226bc1): que este buenorro
[03:52:35] Nachus_GC (27cef4d1-62ad-3b6a-a0b1-375853a84c09): nunca hice uno
[03:52:37] AshOficialMC (5ecebb8e-5ec6-313a-aa5e-6b9ddd226bc1): mira
[03:52:48] AshOficialMC (5ecebb8e-5ec6-313a-aa5e-6b9ddd226bc1): guarda todo lo tuyo en un cofre
[03:53:17] AshOficialMC (5ecebb8e-5ec6-313a-aa5e-6b9ddd226bc1): cuando tengas el inventario vacio
[03:53:36] AshOficialMC (5ecebb8e-5ec6-313a-aa5e-6b9ddd226bc1): ponte el creativo y pilla armadura de diamante herramientas y cosas, como comida y las armas
[03:53:49] Nachus_GC (27cef4d1-62ad-3b6a-a0b1-375853a84c09): OK
[03:53:53] AshOficialMC (5ecebb8e-5ec6-313a-aa5e-6b9ddd226bc1): las encantas y luego pones
[03:54:04] AshOficialMC (5ecebb8e-5ec6-313a-aa5e-6b9ddd226bc1): ./kitcreate VIP
[03:54:22] Nachus_GC (27cef4d1-62ad-3b6a-a0b1-375853a84c09): hago de diamante nomas?
[03:54:33] AshOficialMC (5ecebb8e-5ec6-313a-aa5e-6b9ddd226bc1): como gustes pero que valga la pena por 18USD
[03:54:40] AshOficialMC (5ecebb8e-5ec6-313a-aa5e-6b9ddd226bc1): netherite si es necesario
[03:54:43] Nachus_GC (27cef4d1-62ad-3b6a-a0b1-375853a84c09): ok
[03:57:50] AshOficialMC (5ecebb8e-5ec6-313a-aa5e-6b9ddd226bc1): que los que compren ese kit sera el dinero a invertir en un host
[03:58:00] Nachus_GC (27cef4d1-62ad-3b6a-a0b1-375853a84c09): si
[03:58:02] AshOficialMC (5ecebb8e-5ec6-313a-aa5e-6b9ddd226bc1): y ya encontre uno re bueno
[04:00:34] AshOficialMC (5ecebb8e-5ec6-313a-aa5e-6b9ddd226bc1): para encantar las cosas, ponetelas en la mano y usa /enchant
[04:00:49] AshOficialMC (5ecebb8e-5ec6-313a-aa5e-6b9ddd226bc1): ahi buscas el encantamiento y eliges el nivel
[04:00:59] AshOficialMC (5ecebb8e-5ec6-313a-aa5e-6b9ddd226bc1): Oooo usas /ie edit
[04:01:26] Nachus_GC (27cef4d1-62ad-3b6a-a0b1-375853a84c09): de 10
[04:01:38] AshOficialMC (5ecebb8e-5ec6-313a-aa5e-6b9ddd226bc1): y tmb dale algun libro con habilidades pasivas o alguna cosita, cualquiercosa usa un shulker xd
[04:04:52] AshOficialMC (5ecebb8e-5ec6-313a-aa5e-6b9ddd226bc1): dato: reparacion en ingles es mending
[04:05:01] Nachus_GC (27cef4d1-62ad-3b6a-a0b1-375853a84c09): yaya
[04:05:08] AshOficialMC (5ecebb8e-5ec6-313a-aa5e-6b9ddd226bc1): sajkdjsak
[04:05:12] Nachus_GC (27cef4d1-62ad-3b6a-a0b1-375853a84c09): Me re cuesta el ingles
[04:10:31] Nachus_GC (27cef4d1-62ad-3b6a-a0b1-375853a84c09): Hice un crimen de guerra
[04:13:04] Nachus_GC (27cef4d1-62ad-3b6a-a0b1-375853a84c09): q dices Ash
[04:13:09] Nachus_GC (27cef4d1-62ad-3b6a-a0b1-375853a84c09): Esta muy roto o no?
[04:13:51] Nachus_GC (27cef4d1-62ad-3b6a-a0b1-375853a84c09): alchile creo q si
[04:13:58] Nachus_GC (27cef4d1-62ad-3b6a-a0b1-375853a84c09): le bajo a armadura de diamante
[04:18:08] Nachus_GC (27cef4d1-62ad-3b6a-a0b1-375853a84c09): WEEEEEEE
[04:18:16] Nachus_GC (27cef4d1-62ad-3b6a-a0b1-375853a84c09): Nmms me olvide el comando
[04:18:20] Nachus_GC (27cef4d1-62ad-3b6a-a0b1-375853a84c09): me muero
[04:25:48] Nachus_GC (27cef4d1-62ad-3b6a-a0b1-375853a84c09): a
[04:26:04] Nachus_GC (27cef4d1-62ad-3b6a-a0b1-375853a84c09): we si me lees fijate el dics
[04:30:55] Nachus_GC (27cef4d1-62ad-3b6a-a0b1-375853a84c09): *c suicida*
[09:23:24] AshOficialMC (5ecebb8e-5ec6-313a-aa5e-6b9ddd226bc1): 2
[09:24:43] AshOficialMC (5ecebb8e-5ec6-313a-aa5e-6b9ddd226bc1): 3
[09:24:53] AshOficialMC (5ecebb8e-5ec6-313a-aa5e-6b9ddd226bc1): 5
[09:25:47] AshOficialMC (5ecebb8e-5ec6-313a-aa5e-6b9ddd226bc1): 15
[09:26:58] AshOficialMC (5ecebb8e-5ec6-313a-aa5e-6b9ddd226bc1): 23
[10:00:33] AshOficialMC (5ecebb8e-5ec6-313a-aa5e-6b9ddd226bc1): lag
[17:14:15] SaM (14b3e052-3212-360d-a57b-98010b94e72b): Holas
[22:12:09] AshOficialMC (5ecebb8e-5ec6-313a-aa5e-6b9ddd226bc1): a
[22:12:48] xXDash_RedXx (2c47d6b8-e53e-38f3-b73c-a209e765d5cf): :O q bendi
[22:13:11] xXDash_RedXx (2c47d6b8-e53e-38f3-b73c-a209e765d5cf): hola
[22:13:12] xXDash_RedXx (2c47d6b8-e53e-38f3-b73c-a209e765d5cf): s
[22:16:12] AshOficialMC (5ecebb8e-5ec6-313a-aa5e-6b9ddd226bc1): holas
[22:16:18] xXDash_RedXx (2c47d6b8-e53e-38f3-b73c-a209e765d5cf): holas
[22:16:33] xXDash_RedXx (2c47d6b8-e53e-38f3-b73c-a209e765d5cf): el end da miedo xd
[22:18:10] AshOficialMC (5ecebb8e-5ec6-313a-aa5e-6b9ddd226bc1): XDD
[22:19:54] xXDash_RedXx (2c47d6b8-e53e-38f3-b73c-a209e765d5cf): ASH
[22:20:00] xXDash_RedXx (2c47d6b8-e53e-38f3-b73c-a209e765d5cf): lo cambiaste a playit?
[22:20:13] AshOficialMC (5ecebb8e-5ec6-313a-aa5e-6b9ddd226bc1): ah, nop pq?
[22:20:19] xXDash_RedXx (2c47d6b8-e53e-38f3-b73c-a209e765d5cf): nomas pregunto
[22:20:21] AshOficialMC (5ecebb8e-5ec6-313a-aa5e-6b9ddd226bc1): y veo que por fin creaste el clan XD
[22:20:31] xXDash_RedXx (2c47d6b8-e53e-38f3-b73c-a209e765d5cf): los creo solo valle
[22:20:32] AshOficialMC (5ecebb8e-5ec6-313a-aa5e-6b9ddd226bc1): Es que si cambio a playit va a ver lag
[22:21:14] AshOficialMC (5ecebb8e-5ec6-313a-aa5e-6b9ddd226bc1): deja hago oficial su clan
[22:21:41] xXDash_RedXx (2c47d6b8-e53e-38f3-b73c-a209e765d5cf): pear
[22:21:42] xXDash_RedXx (2c47d6b8-e53e-38f3-b73c-a209e765d5cf): pera
[22:21:50] xXDash_RedXx (2c47d6b8-e53e-38f3-b73c-a209e765d5cf): con q nombre lo ves?
[22:22:02] xXDash_RedXx (2c47d6b8-e53e-38f3-b73c-a209e765d5cf): la idea del tipo mochila
[22:22:03] AshOficialMC (5ecebb8e-5ec6-313a-aa5e-6b9ddd226bc1): el tag es los
[22:22:18] xXDash_RedXx (2c47d6b8-e53e-38f3-b73c-a209e765d5cf): ese no es el nombre xd
[22:22:26] AshOficialMC (5ecebb8e-5ec6-313a-aa5e-6b9ddd226bc1): los cracks
[22:22:28] xXDash_RedXx (2c47d6b8-e53e-38f3-b73c-a209e765d5cf): si
[22:22:30] xXDash_RedXx (2c47d6b8-e53e-38f3-b73c-a209e765d5cf): Los
[22:22:34] xXDash_RedXx (2c47d6b8-e53e-38f3-b73c-a209e765d5cf): LosCracks
[22:22:39] xXDash_RedXx (2c47d6b8-e53e-38f3-b73c-a209e765d5cf): yo le hiba a poner
[22:22:44] xXDash_RedXx (2c47d6b8-e53e-38f3-b73c-a209e765d5cf): Ton-618
[22:22:54] AshOficialMC (5ecebb8e-5ec6-313a-aa5e-6b9ddd226bc1): Listo ya son un clan oficial
[22:22:56] xXDash_RedXx (2c47d6b8-e53e-38f3-b73c-a209e765d5cf): pero el creo el clan primero
[22:23:00] xXDash_RedXx (2c47d6b8-e53e-38f3-b73c-a209e765d5cf): :O
[22:23:01] AshOficialMC (5ecebb8e-5ec6-313a-aa5e-6b9ddd226bc1): ya salen en la list xd
[22:23:11] AshOficialMC (5ecebb8e-5ec6-313a-aa5e-6b9ddd226bc1): y les recominedo ponerse banner
[22:23:31] AshOficialMC (5ecebb8e-5ec6-313a-aa5e-6b9ddd226bc1): osea un logo xd
[22:23:34] xXDash_RedXx (2c47d6b8-e53e-38f3-b73c-a209e765d5cf): yo pienso cojer uno del
[22:23:41] xXDash_RedXx (2c47d6b8-e53e-38f3-b73c-a209e765d5cf): la estongol
[22:23:48] xXDash_RedXx (2c47d6b8-e53e-38f3-b73c-a209e765d5cf): entronjol*
[22:23:54] xXDash_RedXx (2c47d6b8-e53e-38f3-b73c-a209e765d5cf): o como se escriba XD
[22:24:01] AshOficialMC (5ecebb8e-5ec6-313a-aa5e-6b9ddd226bc1): puede ser, pero eso lo elige el lider del clan xd
[22:25:57] xXDash_RedXx (2c47d6b8-e53e-38f3-b73c-a209e765d5cf): eu ash la idea q puso una persona de la mochila esta wena
[22:26:02] xXDash_RedXx (2c47d6b8-e53e-38f3-b73c-a209e765d5cf): y tambien hay un mod
[22:26:12] xXDash_RedXx (2c47d6b8-e53e-38f3-b73c-a209e765d5cf): q es para no ocupar el espacio dela armadura
[22:26:29] xXDash_RedXx (2c47d6b8-e53e-38f3-b73c-a209e765d5cf): y terner un apartado para cosas
[22:26:41] AshOficialMC (5ecebb8e-5ec6-313a-aa5e-6b9ddd226bc1): Sep ya lo he visto xd
[22:26:41] xXDash_RedXx (2c47d6b8-e53e-38f3-b73c-a209e765d5cf): para no quitarte la armadura o lo q sea
[22:39:23] xXDash_RedXx (2c47d6b8-e53e-38f3-b73c-a209e765d5cf): ash
[22:39:45] xXDash_RedXx (2c47d6b8-e53e-38f3-b73c-a209e765d5cf): ash
[22:39:53] xXDash_RedXx (2c47d6b8-e53e-38f3-b73c-a209e765d5cf): tienes el archivo rar de los mods
[22:40:05] xXDash_RedXx (2c47d6b8-e53e-38f3-b73c-a209e765d5cf): a mi amigo de la otra vez no le deja
[22:44:25] xXDash_RedXx (2c47d6b8-e53e-38f3-b73c-a209e765d5cf): dash me puedes dat una mesa de craft porfas xd
[22:44:31] xXDash_RedXx (2c47d6b8-e53e-38f3-b73c-a209e765d5cf): estoy atorado
[22:59:46] AshOficialMC (5ecebb8e-5ec6-313a-aa5e-6b9ddd226bc1): que paso
[23:00:16] xXDash_RedXx (2c47d6b8-e53e-38f3-b73c-a209e765d5cf): holas
[23:02:27] jefry04 (885eb612-41e9-3de7-929c-bc73031132ed): quier comida
[23:02:33] jefry04 (885eb612-41e9-3de7-929c-bc73031132ed): hay comando para es :(
[23:07:09] AshOficialMC (5ecebb8e-5ec6-313a-aa5e-6b9ddd226bc1): que cosa
[23:07:36] xXDash_RedXx (2c47d6b8-e53e-38f3-b73c-a209e765d5cf): bro ando atrapado XD
[23:07:47] AshOficialMC (5ecebb8e-5ec6-313a-aa5e-6b9ddd226bc1): esperame ya vuelvo
[23:07:51] xXDash_RedXx (2c47d6b8-e53e-38f3-b73c-a209e765d5cf): ok
[23:07:52] jefry04 (885eb612-41e9-3de7-929c-bc73031132ed): dale
[23:08:01] xXDash_RedXx (2c47d6b8-e53e-38f3-b73c-a209e765d5cf): me dsa una mesa pls?
[23:08:01] AshOficialMC (5ecebb8e-5ec6-313a-aa5e-6b9ddd226bc1): buenisima vos
[23:08:12] xXDash_RedXx (2c47d6b8-e53e-38f3-b73c-a209e765d5cf): grax
[23:08:24] xXDash_RedXx (2c47d6b8-e53e-38f3-b73c-a209e765d5cf): esq me enserre y se me olvido q no tenia pico XD
[23:08:33] AshOficialMC (5ecebb8e-5ec6-313a-aa5e-6b9ddd226bc1): necesitas ayuda en algo?
[23:08:43] AshOficialMC (5ecebb8e-5ec6-313a-aa5e-6b9ddd226bc1): jefry04
[23:09:00] AshOficialMC (5ecebb8e-5ec6-313a-aa5e-6b9ddd226bc1): a
[23:09:04] xXDash_RedXx (2c47d6b8-e53e-38f3-b73c-a209e765d5cf): Xd
[23:11:25] jefry04 (885eb612-41e9-3de7-929c-bc73031132ed): ya vine :)
[23:11:33] xXDash_RedXx (2c47d6b8-e53e-38f3-b73c-a209e765d5cf): holas
[23:11:34] jefry04 (885eb612-41e9-3de7-929c-bc73031132ed): se me fue el internet
[23:11:35] xXDash_RedXx (2c47d6b8-e53e-38f3-b73c-a209e765d5cf): tya vuelvo
[23:11:46] jefry04 (885eb612-41e9-3de7-929c-bc73031132ed): dale
[23:12:05] jefry04 (885eb612-41e9-3de7-929c-bc73031132ed): alguien me iba dar comida
[23:12:08] jefry04 (885eb612-41e9-3de7-929c-bc73031132ed): pero me sali
[23:12:11] jefry04 (885eb612-41e9-3de7-929c-bc73031132ed): :(
[23:13:14] xXDash_RedXx (2c47d6b8-e53e-38f3-b73c-a209e765d5cf): volvi
[23:13:23] AshOficialMC (5ecebb8e-5ec6-313a-aa5e-6b9ddd226bc1): a
[23:13:41] xXDash_RedXx (2c47d6b8-e53e-38f3-b73c-a209e765d5cf): pistolita nerf o nada
[23:13:43] xXDash_RedXx (2c47d6b8-e53e-38f3-b73c-a209e765d5cf): XD
[23:14:00] jefry04 (885eb612-41e9-3de7-929c-bc73031132ed): no tenia comida
[23:14:02] jefry04 (885eb612-41e9-3de7-929c-bc73031132ed): asi que mori
[23:14:07] AshOficialMC (5ecebb8e-5ec6-313a-aa5e-6b9ddd226bc1): a
[23:17:32] xXDash_RedXx (2c47d6b8-e53e-38f3-b73c-a209e765d5cf): afk voy a comer
[23:37:45] xXDash_RedXx (2c47d6b8-e53e-38f3-b73c-a209e765d5cf): volviiiiiiiiiiiiiiiiiiiiii
[23:37:47] xXDash_RedXx (2c47d6b8-e53e-38f3-b73c-a209e765d5cf): holasssssssssssssssssss
[23:37:57] xXDash_RedXx (2c47d6b8-e53e-38f3-b73c-a209e765d5cf): xd no hay nadie
[23:43:29] xXDash_RedXx (2c47d6b8-e53e-38f3-b73c-a209e765d5cf): ASH
[23:50:59] xXDash_RedXx (2c47d6b8-e53e-38f3-b73c-a209e765d5cf): ASH
[23:52:18] xXDash_RedXx (2c47d6b8-e53e-38f3-b73c-a209e765d5cf): ash
[23:52:30] xXDash_RedXx (2c47d6b8-e53e-38f3-b73c-a209e765d5cf): me puedes dar permisos de tp?
[23:52:40] xXDash_RedXx (2c47d6b8-e53e-38f3-b73c-a209e765d5cf): es para irme a mi base
[23:52:54] xXDash_RedXx (2c47d6b8-e53e-38f3-b73c-a209e765d5cf): se me olvido poner sethome XD
[23:53:34] AshOficialMC (5ecebb8e-5ec6-313a-aa5e-6b9ddd226bc1): No puedo, eso es abuso del admin
[23:53:40] xXDash_RedXx (2c47d6b8-e53e-38f3-b73c-a209e765d5cf): ok:(
[23:53:42] xXDash_RedXx (2c47d6b8-e53e-38f3-b73c-a209e765d5cf): XD
[23:53:45] AshOficialMC (5ecebb8e-5ec6-313a-aa5e-6b9ddd226bc1): consiguelo sin comandos tocara
[23:53:49] xXDash_RedXx (2c47d6b8-e53e-38f3-b73c-a209e765d5cf): estoy aqui atrapado con renateitor
[23:54:33] AshOficialMC (5ecebb8e-5ec6-313a-aa5e-6b9ddd226bc1): que hacen en el end XD
[23:54:36] xXDash_RedXx (2c47d6b8-e53e-38f3-b73c-a209e765d5cf): XD
[23:54:44] AshOficialMC (5ecebb8e-5ec6-313a-aa5e-6b9ddd226bc1): los llevo al overworld?
[23:54:54] xXDash_RedXx (2c47d6b8-e53e-38f3-b73c-a209e765d5cf): como quito el home?
[23:55:02] AshOficialMC (5ecebb8e-5ec6-313a-aa5e-6b9ddd226bc1): ./delhome
[23:55:06] xXDash_RedXx (2c47d6b8-e53e-38f3-b73c-a209e765d5cf): grax
[23:55:26] xXDash_RedXx (2c47d6b8-e53e-38f3-b73c-a209e765d5cf): me dice q no tengo acceso
[23:55:29] xXDash_RedXx (2c47d6b8-e53e-38f3-b73c-a209e765d5cf): a ese comando
[23:56:38] AshOficialMC (5ecebb8e-5ec6-313a-aa5e-6b9ddd226bc1): pusiste /delhome y pones el nombre de tu home
[23:56:45] xXDash_RedXx (2c47d6b8-e53e-38f3-b73c-a209e765d5cf): si eso hice
[23:56:53] AshOficialMC (5ecebb8e-5ec6-313a-aa5e-6b9ddd226bc1): a
[23:57:17] xXDash_RedXx (2c47d6b8-e53e-38f3-b73c-a209e765d5cf): y el comando me aparece en rojo como s i no existiera
[23:58:03] AshOficialMC (5ecebb8e-5ec6-313a-aa5e-6b9ddd226bc1): Intenta de nuevo
