[00:00:17] xXDash_RedXx (2c47d6b8-e53e-38f3-b73c-a209e765d5cf): ya funciono
[00:01:08] xXDash_RedXx (2c47d6b8-e53e-38f3-b73c-a209e765d5cf): listo
[00:01:13] xXDash_RedXx (2c47d6b8-e53e-38f3-b73c-a209e765d5cf): ahora ya lo quite
[00:01:28] xXDash_RedXx (2c47d6b8-e53e-38f3-b73c-a209e765d5cf): ash
[00:01:37] xXDash_RedXx (2c47d6b8-e53e-38f3-b73c-a209e765d5cf): me puedes llevar al overwolrd?
[00:01:48] xXDash_RedXx (2c47d6b8-e53e-38f3-b73c-a209e765d5cf): en las coordenadas
[00:02:08] AshOficialMC (5ecebb8e-5ec6-313a-aa5e-6b9ddd226bc1): voy
[00:03:09] xXDash_RedXx (2c47d6b8-e53e-38f3-b73c-a209e765d5cf): X: -836 Y: 148 Z: 2012
[00:03:20] AshOficialMC (5ecebb8e-5ec6-313a-aa5e-6b9ddd226bc1): Eso no puedo hacerlo
[00:03:38] xXDash_RedXx (2c47d6b8-e53e-38f3-b73c-a209e765d5cf): a ok
[00:03:41] AshOficialMC (5ecebb8e-5ec6-313a-aa5e-6b9ddd226bc1): debes llegar hasta ahi tu mismo xd
[00:03:55] xXDash_RedXx (2c47d6b8-e53e-38f3-b73c-a209e765d5cf): q tan lejos estas de eso?
[00:04:00] AshOficialMC (5ecebb8e-5ec6-313a-aa5e-6b9ddd226bc1): mucho hago con traerte al overworld, recuerda que debes jugar como survival normal ni depender de mi xd
[00:04:15] xXDash_RedXx (2c47d6b8-e53e-38f3-b73c-a209e765d5cf): bueno grax
[00:04:30] AshOficialMC (5ecebb8e-5ec6-313a-aa5e-6b9ddd226bc1): estas en la coords -37 20 163
[00:04:37] xXDash_RedXx (2c47d6b8-e53e-38f3-b73c-a209e765d5cf): si el spawn
[00:04:47] xXDash_RedXx (2c47d6b8-e53e-38f3-b73c-a209e765d5cf): reto 1 por ahora sobrevivir al negro
[00:05:01] AshOficialMC (5ecebb8e-5ec6-313a-aa5e-6b9ddd226bc1): xD
[00:05:05] AshOficialMC (5ecebb8e-5ec6-313a-aa5e-6b9ddd226bc1): y tu amigo?
[00:05:11] xXDash_RedXx (2c47d6b8-e53e-38f3-b73c-a209e765d5cf): esta comiendo
[00:05:14] xXDash_RedXx (2c47d6b8-e53e-38f3-b73c-a209e765d5cf): esta afk
[00:05:23] xXDash_RedXx (2c47d6b8-e53e-38f3-b73c-a209e765d5cf): me dijo q quiere ir al overwold
[00:05:35] xXDash_RedXx (2c47d6b8-e53e-38f3-b73c-a209e765d5cf): vendi
[00:05:44] xXDash_RedXx (2c47d6b8-e53e-38f3-b73c-a209e765d5cf): q bencion hierro lo q necesitaba
[00:09:00] xXDash_RedXx (2c47d6b8-e53e-38f3-b73c-a209e765d5cf): bro
[00:09:04] xXDash_RedXx (2c47d6b8-e53e-38f3-b73c-a209e765d5cf): soy tonto xd
[00:09:21] xXDash_RedXx (2c47d6b8-e53e-38f3-b73c-a209e765d5cf): casi muero
[00:09:30] xXDash_RedXx (2c47d6b8-e53e-38f3-b73c-a209e765d5cf): y estoy en una cueva llena de mobs
[00:09:55] xXDash_RedXx (2c47d6b8-e53e-38f3-b73c-a209e765d5cf): habisa cuando sea de día pls y me tpas de nuevo al spawn
[00:10:03] AshOficialMC (5ecebb8e-5ec6-313a-aa5e-6b9ddd226bc1): a
[00:10:06] AshOficialMC (5ecebb8e-5ec6-313a-aa5e-6b9ddd226bc1): por cierto
[00:10:10] xXDash_RedXx (2c47d6b8-e53e-38f3-b73c-a209e765d5cf): ??
[00:13:00] xXDash_RedXx (2c47d6b8-e53e-38f3-b73c-a209e765d5cf): ya es de dya?
[00:13:50] xXDash_RedXx (2c47d6b8-e53e-38f3-b73c-a209e765d5cf): ash
[00:14:00] xXDash_RedXx (2c47d6b8-e53e-38f3-b73c-a209e765d5cf): me puedes hacer tp a spawn arriba XD
[00:14:23] AshOficialMC (5ecebb8e-5ec6-313a-aa5e-6b9ddd226bc1): a
[00:16:04] AshOficialMC (5ecebb8e-5ec6-313a-aa5e-6b9ddd226bc1): ya
[00:16:05] xXDash_RedXx (2c47d6b8-e53e-38f3-b73c-a209e765d5cf): grax
[00:17:00] AshOficialMC (5ecebb8e-5ec6-313a-aa5e-6b9ddd226bc1): 23
[00:17:17] AshOficialMC (5ecebb8e-5ec6-313a-aa5e-6b9ddd226bc1): 23
[00:17:31] AshOficialMC (5ecebb8e-5ec6-313a-aa5e-6b9ddd226bc1): 23
[00:24:55] AshOficialMC (5ecebb8e-5ec6-313a-aa5e-6b9ddd226bc1): oigan chicos
[00:24:58] xXDash_RedXx (2c47d6b8-e53e-38f3-b73c-a209e765d5cf): ??
[00:25:10] AshOficialMC (5ecebb8e-5ec6-313a-aa5e-6b9ddd226bc1): entre unos momentos ocupare reiniciar el servidor solamente, no tardara mucho y les aviso
[00:25:16] xXDash_RedXx (2c47d6b8-e53e-38f3-b73c-a209e765d5cf): ok
[00:25:29] xXDash_RedXx (2c47d6b8-e53e-38f3-b73c-a209e765d5cf): holas
[00:26:22] AshOficialMC (5ecebb8e-5ec6-313a-aa5e-6b9ddd226bc1): XD
[00:36:35] AshOficialMC (5ecebb8e-5ec6-313a-aa5e-6b9ddd226bc1): todos estan?
[00:36:38] xXDash_RedXx (2c47d6b8-e53e-38f3-b73c-a209e765d5cf): si
[00:36:54] AshOficialMC (5ecebb8e-5ec6-313a-aa5e-6b9ddd226bc1): voy a cerrar un sec, prendo enseguida esten pendientes al canal IP
[00:38:19] AshOficialMC (5ecebb8e-5ec6-313a-aa5e-6b9ddd226bc1): ay les avise, ahorita prendo disculpenme xd
[00:38:23] AshOficialMC (5ecebb8e-5ec6-313a-aa5e-6b9ddd226bc1): ahi*
[00:44:03] xXDash_RedXx (2c47d6b8-e53e-38f3-b73c-a209e765d5cf): q onda mi gente
[00:44:40] Gatelo89 (774f4deb-9250-302d-8954-b72c63669dde): owner me ayudas a volver donde morir no se que me mato porfa
[00:47:04] xXDash_RedXx (2c47d6b8-e53e-38f3-b73c-a209e765d5cf): nooooooo
[00:47:07] xXDash_RedXx (2c47d6b8-e53e-38f3-b73c-a209e765d5cf): se me borro
[00:47:13] xXDash_RedXx (2c47d6b8-e53e-38f3-b73c-a209e765d5cf): el progreso del mapa
[00:50:12] AshOficialMC (5ecebb8e-5ec6-313a-aa5e-6b9ddd226bc1): Gatelo89 eso si no se como, tenes coords de donde moriste?
[00:50:21] AshOficialMC (5ecebb8e-5ec6-313a-aa5e-6b9ddd226bc1): de lo contrario no podre ayudarte
[00:53:55] AshOficialMC (5ecebb8e-5ec6-313a-aa5e-6b9ddd226bc1): a
[00:58:51] jefry04 (885eb612-41e9-3de7-929c-bc73031132ed): Por favor me podran regalar comida
[00:58:58] jefry04 (885eb612-41e9-3de7-929c-bc73031132ed): no encuentro ningun animal :(
[00:59:01] Gatelo89 (774f4deb-9250-302d-8954-b72c63669dde): ven
[00:59:17] jefry04 (885eb612-41e9-3de7-929c-bc73031132ed): no se donde estoy
[00:59:21] Gatelo89 (774f4deb-9250-302d-8954-b72c63669dde): pide tp
[01:00:31] jefry04 (885eb612-41e9-3de7-929c-bc73031132ed): ya encontre gracias :)
[01:08:33] jefry04 (885eb612-41e9-3de7-929c-bc73031132ed): zzzzzz
[01:08:52] renateitorgt (9e8e85db-1250-3d4a-8df9-70eba1350b24): se acuerdan de mi lla puedo juagar al server siii
[01:10:11] AshOficialMC (5ecebb8e-5ec6-313a-aa5e-6b9ddd226bc1): xd
[01:10:20] AshOficialMC (5ecebb8e-5ec6-313a-aa5e-6b9ddd226bc1): Veo que cierto jugador se esta acercando
[01:10:30] AshOficialMC (5ecebb8e-5ec6-313a-aa5e-6b9ddd226bc1): si entra a la base lo eliminare
[01:10:34] AshOficialMC (5ecebb8e-5ec6-313a-aa5e-6b9ddd226bc1): para que este avisado xd
[01:13:03] xXDash_RedXx (2c47d6b8-e53e-38f3-b73c-a209e765d5cf): zZz
[01:13:07] xXDash_RedXx (2c47d6b8-e53e-38f3-b73c-a209e765d5cf): Zzz
[01:16:05] xXDash_RedXx (2c47d6b8-e53e-38f3-b73c-a209e765d5cf): gente
[01:16:17] xXDash_RedXx (2c47d6b8-e53e-38f3-b73c-a209e765d5cf): ya no aparece el bicho
[01:16:33] xXDash_RedXx (2c47d6b8-e53e-38f3-b73c-a209e765d5cf): ._. antes aparecia todavia pero poco ahora ya nada XD
[01:17:49] AshOficialMC (5ecebb8e-5ec6-313a-aa5e-6b9ddd226bc1): xXDash_RedXx no lo tientes xD
[01:17:56] xXDash_RedXx (2c47d6b8-e53e-38f3-b73c-a209e765d5cf): xD
[01:18:24] AshOficialMC (5ecebb8e-5ec6-313a-aa5e-6b9ddd226bc1): El sigue aca, no mas que es raro que aparezca, y su tiempo de persecucion es de 5 min ahora
[01:18:32] xXDash_RedXx (2c47d6b8-e53e-38f3-b73c-a209e765d5cf): q bendi
[01:22:05] Gatelo89 (774f4deb-9250-302d-8954-b72c63669dde): yo dejo esto por ahora porque la masmora eat dura
[01:22:14] AshOficialMC (5ecebb8e-5ec6-313a-aa5e-6b9ddd226bc1): xd
[01:22:29] Gatelo89 (774f4deb-9250-302d-8954-b72c63669dde): chau
[01:26:00] xXDash_RedXx (2c47d6b8-e53e-38f3-b73c-a209e765d5cf): holas
[01:26:26] SoloValle (3ebb3d01-b0a4-3369-b12c-2eec16133c61): a
[01:28:09] SoloValle (3ebb3d01-b0a4-3369-b12c-2eec16133c61): ahola
[01:28:12] xXDash_RedXx (2c47d6b8-e53e-38f3-b73c-a209e765d5cf): hoolas
[01:28:20] AshOficialMC (5ecebb8e-5ec6-313a-aa5e-6b9ddd226bc1): ¿tienes problemas de lag o algo SoloValle?
[01:31:02] AshOficialMC (5ecebb8e-5ec6-313a-aa5e-6b9ddd226bc1): aea
[01:32:10] AshOficialMC (5ecebb8e-5ec6-313a-aa5e-6b9ddd226bc1): a
[01:33:00] AshOficialMC (5ecebb8e-5ec6-313a-aa5e-6b9ddd226bc1): Estas vivo?
[01:33:03] xXDash_RedXx (2c47d6b8-e53e-38f3-b73c-a209e765d5cf): yo si
[01:33:23] AshOficialMC (5ecebb8e-5ec6-313a-aa5e-6b9ddd226bc1): le digo al Jessi005 que esta mirandome fijamente XD
[01:33:29] xXDash_RedXx (2c47d6b8-e53e-38f3-b73c-a209e765d5cf): A XD
[01:33:49] AshOficialMC (5ecebb8e-5ec6-313a-aa5e-6b9ddd226bc1): UFFF
[01:33:53] AshOficialMC (5ecebb8e-5ec6-313a-aa5e-6b9ddd226bc1): estoy al maximo
[01:34:21] AshOficialMC (5ecebb8e-5ec6-313a-aa5e-6b9ddd226bc1): medite como por 12 minutos
[01:34:32] AshOficialMC (5ecebb8e-5ec6-313a-aa5e-6b9ddd226bc1): y ahora estoy en la etapa 3
[01:35:07] AshOficialMC (5ecebb8e-5ec6-313a-aa5e-6b9ddd226bc1): puedo hasta disparar XD
[01:35:24] AshOficialMC (5ecebb8e-5ec6-313a-aa5e-6b9ddd226bc1): mira
[01:35:26] Jessi005 (c899abea-a36c-3941-857d-e08baa5a6388): hola
[01:35:32] xXDash_RedXx (2c47d6b8-e53e-38f3-b73c-a209e765d5cf): el diablo
[01:36:00] AshOficialMC (5ecebb8e-5ec6-313a-aa5e-6b9ddd226bc1): ando en la fase suprema xd
[01:36:22] Jessi005 (c899abea-a36c-3941-857d-e08baa5a6388): a
[01:36:27] xXDash_RedXx (2c47d6b8-e53e-38f3-b73c-a209e765d5cf): hello kity
[01:36:28] Jessi005 (c899abea-a36c-3941-857d-e08baa5a6388): creo que mi ping anda mal xD
[01:36:31] xXDash_RedXx (2c47d6b8-e53e-38f3-b73c-a209e765d5cf): versión Gim
[01:36:36] xXDash_RedXx (2c47d6b8-e53e-38f3-b73c-a209e765d5cf): XD
[01:36:53] AshOficialMC (5ecebb8e-5ec6-313a-aa5e-6b9ddd226bc1): ESTOY ROTISIMO AAAA
[01:37:01] AshOficialMC (5ecebb8e-5ec6-313a-aa5e-6b9ddd226bc1): 23 de daño no mames XD
[01:38:17] AshOficialMC (5ecebb8e-5ec6-313a-aa5e-6b9ddd226bc1): Jessi005 poneme un boos
[01:38:17] xXDash_RedXx (2c47d6b8-e53e-38f3-b73c-a209e765d5cf): noo
[01:38:22] xXDash_RedXx (2c47d6b8-e53e-38f3-b73c-a209e765d5cf): no pegues
[01:38:22] AshOficialMC (5ecebb8e-5ec6-313a-aa5e-6b9ddd226bc1): boss o algo
[01:39:00] Jessi005 (c899abea-a36c-3941-857d-e08baa5a6388): tengo 2000 de ping
[01:39:05] AshOficialMC (5ecebb8e-5ec6-313a-aa5e-6b9ddd226bc1): EZ
[01:39:15] AshOficialMC (5ecebb8e-5ec6-313a-aa5e-6b9ddd226bc1): ZZZ
[01:39:19] AshOficialMC (5ecebb8e-5ec6-313a-aa5e-6b9ddd226bc1): NO MAMES
[01:39:32] Jessi005 (c899abea-a36c-3941-857d-e08baa5a6388): algo tranqui
[01:40:25] AshOficialMC (5ecebb8e-5ec6-313a-aa5e-6b9ddd226bc1): manos les faltaron
[01:40:33] AshOficialMC (5ecebb8e-5ec6-313a-aa5e-6b9ddd226bc1): en este estado soy casi invencible XD
[01:40:41] AshOficialMC (5ecebb8e-5ec6-313a-aa5e-6b9ddd226bc1): que mal que solo me dure como 5 min
[01:40:49] AshOficialMC (5ecebb8e-5ec6-313a-aa5e-6b9ddd226bc1): si fuera perma estaria jodidisimo
[01:41:01] AshOficialMC (5ecebb8e-5ec6-313a-aa5e-6b9ddd226bc1): sabes como se hace?
[01:42:41] AshOficialMC (5ecebb8e-5ec6-313a-aa5e-6b9ddd226bc1): MUCHO AAA
[01:44:05] AshOficialMC (5ecebb8e-5ec6-313a-aa5e-6b9ddd226bc1): ya pe para
[01:44:10] AshOficialMC (5ecebb8e-5ec6-313a-aa5e-6b9ddd226bc1): mucho Xd
[01:44:33] Jessi005 (c899abea-a36c-3941-857d-e08baa5a6388): mi ping anda en4000 que raro
[01:44:35] AshOficialMC (5ecebb8e-5ec6-313a-aa5e-6b9ddd226bc1): afk
[01:44:42] Jessi005 (c899abea-a36c-3941-857d-e08baa5a6388): en otros servers se me pone en 100 o 40 xD
[01:46:00] jefry04 (885eb612-41e9-3de7-929c-bc73031132ed): no hay mochilas :(
[01:46:02] jefry04 (885eb612-41e9-3de7-929c-bc73031132ed): de mods
[01:46:24] Jessi005 (c899abea-a36c-3941-857d-e08baa5a6388): a
[01:46:27] Jessi005 (c899abea-a36c-3941-857d-e08baa5a6388): xD
[01:46:28] Jessi005 (c899abea-a36c-3941-857d-e08baa5a6388): wtf
[01:46:42] AshOficialMC (5ecebb8e-5ec6-313a-aa5e-6b9ddd226bc1): 100000
[01:48:01] AshOficialMC (5ecebb8e-5ec6-313a-aa5e-6b9ddd226bc1): ya los mate
[01:48:12] Jessi005 (c899abea-a36c-3941-857d-e08baa5a6388): mi ping anda muy mal
[01:48:25] AshOficialMC (5ecebb8e-5ec6-313a-aa5e-6b9ddd226bc1): eso veo xd
[01:48:26] Jessi005 (c899abea-a36c-3941-857d-e08baa5a6388): ni vi cuando lo hiciste por eso tire tnt
[01:48:51] Jessi005 (c899abea-a36c-3941-857d-e08baa5a6388): entro mas tarde avr si mejora mi ping
[01:49:21] AshOficialMC (5ecebb8e-5ec6-313a-aa5e-6b9ddd226bc1): apago y prendo
[01:49:27] AshOficialMC (5ecebb8e-5ec6-313a-aa5e-6b9ddd226bc1): denme un sec
[01:49:31] xXDash_RedXx (2c47d6b8-e53e-38f3-b73c-a209e765d5cf): ok
[02:03:15] xXDash_RedXx (2c47d6b8-e53e-38f3-b73c-a209e765d5cf): holas
[02:03:34] SoloValle (3ebb3d01-b0a4-3369-b12c-2eec16133c61): a
[02:03:36] SoloValle (3ebb3d01-b0a4-3369-b12c-2eec16133c61): porfin
[02:04:00] SoloValle (3ebb3d01-b0a4-3369-b12c-2eec16133c61): xXDash_RedXx
[02:04:08] xXDash_RedXx (2c47d6b8-e53e-38f3-b73c-a209e765d5cf): holas
[02:04:13] SoloValle (3ebb3d01-b0a4-3369-b12c-2eec16133c61): hola beibe
[02:04:13] xXDash_RedXx (2c47d6b8-e53e-38f3-b73c-a209e765d5cf): estas en el end?
[02:04:16] xXDash_RedXx (2c47d6b8-e53e-38f3-b73c-a209e765d5cf): XD
[02:04:21] SoloValle (3ebb3d01-b0a4-3369-b12c-2eec16133c61): no
[02:04:26] xXDash_RedXx (2c47d6b8-e53e-38f3-b73c-a209e765d5cf): donde?
[02:04:54] xXDash_RedXx (2c47d6b8-e53e-38f3-b73c-a209e765d5cf): bro
[02:05:01] xXDash_RedXx (2c47d6b8-e53e-38f3-b73c-a209e765d5cf): ya me tengo q ir :( chao
[02:05:26] SoloValle (3ebb3d01-b0a4-3369-b12c-2eec16133c61): flying no enable this server?
[02:06:11] AshOficialMC (5ecebb8e-5ec6-313a-aa5e-6b9ddd226bc1): q
[02:06:15] AshOficialMC (5ecebb8e-5ec6-313a-aa5e-6b9ddd226bc1): pues no xd
[02:06:28] SoloValle (3ebb3d01-b0a4-3369-b12c-2eec16133c61): me saco por eso
[02:12:14] AshOficialMC (5ecebb8e-5ec6-313a-aa5e-6b9ddd226bc1): tas bien? xd
[02:12:24] SoloValle (3ebb3d01-b0a4-3369-b12c-2eec16133c61): no
[02:12:30] SoloValle (3ebb3d01-b0a4-3369-b12c-2eec16133c61): no se pq pasa
[02:12:34] SoloValle (3ebb3d01-b0a4-3369-b12c-2eec16133c61): me kikea por fly
[02:12:42] SoloValle (3ebb3d01-b0a4-3369-b12c-2eec16133c61): cuando tire ender pear
[02:12:47] SoloValle (3ebb3d01-b0a4-3369-b12c-2eec16133c61): me kikeo por fl
[02:12:52] SoloValle (3ebb3d01-b0a4-3369-b12c-2eec16133c61): por fly
[02:13:05] SoloValle (3ebb3d01-b0a4-3369-b12c-2eec16133c61): y entre y me volvio a kikeay
[02:13:05] SoloValle (3ebb3d01-b0a4-3369-b12c-2eec16133c61): y asi
[02:13:06] SoloValle (3ebb3d01-b0a4-3369-b12c-2eec16133c61): hasta q llegue al suelo
[02:21:21] AshOficialMC (5ecebb8e-5ec6-313a-aa5e-6b9ddd226bc1): a
[02:26:54] SoloValle (3ebb3d01-b0a4-3369-b12c-2eec16133c61): asd lag??
[02:26:59] SoloValle (3ebb3d01-b0a4-3369-b12c-2eec16133c61): no
[02:27:01] SoloValle (3ebb3d01-b0a4-3369-b12c-2eec16133c61): bueno si
[02:27:16] SoloValle (3ebb3d01-b0a4-3369-b12c-2eec16133c61): puta mierda q pasa con mi puto internet 50 dolares al puto mes y esta como la mierda
[02:27:32] SoloValle (3ebb3d01-b0a4-3369-b12c-2eec16133c61): aparecen los mensajes 10 segundos despues
[02:27:51] SoloValle (3ebb3d01-b0a4-3369-b12c-2eec16133c61): y como y se come 5 segundos despues
[02:27:57] SoloValle (3ebb3d01-b0a4-3369-b12c-2eec16133c61): puta mierda
[02:28:23] AshOficialMC (5ecebb8e-5ec6-313a-aa5e-6b9ddd226bc1): XD
[02:28:43] SoloValle (3ebb3d01-b0a4-3369-b12c-2eec16133c61): karnal pulpo
[02:28:54] SoloValle (3ebb3d01-b0a4-3369-b12c-2eec16133c61): prometi no llorar
[02:29:01] SoloValle (3ebb3d01-b0a4-3369-b12c-2eec16133c61): pero lo voy hacer
[02:29:19] SoloValle (3ebb3d01-b0a4-3369-b12c-2eec16133c61): por que tengo que sacarlo de alguna manera
[02:29:25] SoloValle (3ebb3d01-b0a4-3369-b12c-2eec16133c61): y dice mas o menos asi
[02:29:55] SoloValle (3ebb3d01-b0a4-3369-b12c-2eec16133c61): AshOficialMC
[02:30:03] SoloValle (3ebb3d01-b0a4-3369-b12c-2eec16133c61): para q te pones en modo spectador
[02:30:27] AshOficialMC (5ecebb8e-5ec6-313a-aa5e-6b9ddd226bc1): a
[02:30:49] AshOficialMC (5ecebb8e-5ec6-313a-aa5e-6b9ddd226bc1): que queria ver por que tanto te sacaba
[02:31:05] SoloValle (3ebb3d01-b0a4-3369-b12c-2eec16133c61): mmm
[02:31:06] AshOficialMC (5ecebb8e-5ec6-313a-aa5e-6b9ddd226bc1): NOOOOOOOOOOO
[02:31:11] SoloValle (3ebb3d01-b0a4-3369-b12c-2eec16133c61): pq te tepeas ._.
[02:31:35] AshOficialMC (5ecebb8e-5ec6-313a-aa5e-6b9ddd226bc1): Soy admin si te acuerdas, y estaba viendo que pasaba
[02:32:01] SoloValle (3ebb3d01-b0a4-3369-b12c-2eec16133c61): no eres admin
[02:32:03] SoloValle (3ebb3d01-b0a4-3369-b12c-2eec16133c61): eres owner
[02:32:07] SoloValle (3ebb3d01-b0a4-3369-b12c-2eec16133c61): XD
[02:35:49] SoloValle (3ebb3d01-b0a4-3369-b12c-2eec16133c61): easy
[02:38:23] SoloValle (3ebb3d01-b0a4-3369-b12c-2eec16133c61): AshOficialMC
[02:47:44] SoloValle (3ebb3d01-b0a4-3369-b12c-2eec16133c61): a???
[02:47:46] SoloValle (3ebb3d01-b0a4-3369-b12c-2eec16133c61): asg ayudaaa
[02:47:48] SoloValle (3ebb3d01-b0a4-3369-b12c-2eec16133c61): mis cosas
[02:47:57] SoloValle (3ebb3d01-b0a4-3369-b12c-2eec16133c61): puse /back y no me llevo a mi muerte
[02:48:05] SoloValle (3ebb3d01-b0a4-3369-b12c-2eec16133c61): we mis cosas
[02:48:11] SoloValle (3ebb3d01-b0a4-3369-b12c-2eec16133c61): me llevo al end pero no a mi muerte
[02:48:24] SoloValle (3ebb3d01-b0a4-3369-b12c-2eec16133c61): me llevo a la isla principal
[02:48:31] SoloValle (3ebb3d01-b0a4-3369-b12c-2eec16133c61): ayuda ash
[02:48:56] SoloValle (3ebb3d01-b0a4-3369-b12c-2eec16133c61): ash ayudaa
[02:48:59] AshOficialMC (5ecebb8e-5ec6-313a-aa5e-6b9ddd226bc1): nachus
[02:49:02] Nachus_GC (27cef4d1-62ad-3b6a-a0b1-375853a84c09): si
[02:49:11] AshOficialMC (5ecebb8e-5ec6-313a-aa5e-6b9ddd226bc1): que paso
[02:49:17] SoloValle (3ebb3d01-b0a4-3369-b12c-2eec16133c61): me mori
[02:49:20] SoloValle (3ebb3d01-b0a4-3369-b12c-2eec16133c61): puse /back
[02:49:24] SoloValle (3ebb3d01-b0a4-3369-b12c-2eec16133c61): y no me llevo a mi muerte
[02:49:29] SoloValle (3ebb3d01-b0a4-3369-b12c-2eec16133c61): me llevo aca
[02:49:33] AshOficialMC (5ecebb8e-5ec6-313a-aa5e-6b9ddd226bc1): donde moriste?
[02:49:38] SoloValle (3ebb3d01-b0a4-3369-b12c-2eec16133c61): hacia alla
[02:49:48] AshOficialMC (5ecebb8e-5ec6-313a-aa5e-6b9ddd226bc1): sabes coords?
[02:49:49] SoloValle (3ebb3d01-b0a4-3369-b12c-2eec16133c61): pero no es aca
[02:49:52] SoloValle (3ebb3d01-b0a4-3369-b12c-2eec16133c61): no se
[02:49:57] SoloValle (3ebb3d01-b0a4-3369-b12c-2eec16133c61): ya veo si me aparece
[02:49:58] AshOficialMC (5ecebb8e-5ec6-313a-aa5e-6b9ddd226bc1): el journey map
[02:50:02] AshOficialMC (5ecebb8e-5ec6-313a-aa5e-6b9ddd226bc1): te dice
[02:50:06] AshOficialMC (5ecebb8e-5ec6-313a-aa5e-6b9ddd226bc1): Nachus_GC el kit
[02:50:14] Nachus_GC (27cef4d1-62ad-3b6a-a0b1-375853a84c09): sisi
[02:50:31] Nachus_GC (27cef4d1-62ad-3b6a-a0b1-375853a84c09): como quieres las stats?
[02:50:58] Nachus_GC (27cef4d1-62ad-3b6a-a0b1-375853a84c09): xd
[02:51:44] SoloValle (3ebb3d01-b0a4-3369-b12c-2eec16133c61): no me aparece
[02:52:02] SoloValle (3ebb3d01-b0a4-3369-b12c-2eec16133c61): mis cosas
[02:52:07] SoloValle (3ebb3d01-b0a4-3369-b12c-2eec16133c61): me costaron :(
[02:52:13] AshOficialMC (5ecebb8e-5ec6-313a-aa5e-6b9ddd226bc1): como moriste pe
[02:52:17] SoloValle (3ebb3d01-b0a4-3369-b12c-2eec16133c61): no puedes hacer /revive AshOficialMC
[02:52:23] SoloValle (3ebb3d01-b0a4-3369-b12c-2eec16133c61): un esqueleto con un arma
[02:52:32] SoloValle (3ebb3d01-b0a4-3369-b12c-2eec16133c61): con /revive SoloValle
[02:52:36] AshOficialMC (5ecebb8e-5ec6-313a-aa5e-6b9ddd226bc1): uy
[02:52:40] SoloValle (3ebb3d01-b0a4-3369-b12c-2eec16133c61): me pones las cosas de mi ultima muerte
[02:52:42] Nachus_GC (27cef4d1-62ad-3b6a-a0b1-375853a84c09): ete eh
[02:53:03] AshOficialMC (5ecebb8e-5ec6-313a-aa5e-6b9ddd226bc1): que tenias encima y lo pienso
[02:53:07] AshOficialMC (5ecebb8e-5ec6-313a-aa5e-6b9ddd226bc1): osea tu inv
[02:53:19] AshOficialMC (5ecebb8e-5ec6-313a-aa5e-6b9ddd226bc1): pon el /kitcreate y un delay alto
[02:53:43] SoloValle (3ebb3d01-b0a4-3369-b12c-2eec16133c61): AshOficialMC tenia cosa op
[02:53:52] Nachus_GC (27cef4d1-62ad-3b6a-a0b1-375853a84c09): como le meto delay?
[02:53:54] SoloValle (3ebb3d01-b0a4-3369-b12c-2eec16133c61): tenia una elitra
[02:54:20] AshOficialMC (5ecebb8e-5ec6-313a-aa5e-6b9ddd226bc1): q
[02:54:32] AshOficialMC (5ecebb8e-5ec6-313a-aa5e-6b9ddd226bc1): SoloValle al MD
[02:54:34] AshOficialMC (5ecebb8e-5ec6-313a-aa5e-6b9ddd226bc1): discord
[02:54:49] AshOficialMC (5ecebb8e-5ec6-313a-aa5e-6b9ddd226bc1): Nachus_GC es /kitcreate 5000
[02:54:51] AshOficialMC (5ecebb8e-5ec6-313a-aa5e-6b9ddd226bc1): asi xd
[02:54:57] Nachus_GC (27cef4d1-62ad-3b6a-a0b1-375853a84c09): aah
[02:54:59] Nachus_GC (27cef4d1-62ad-3b6a-a0b1-375853a84c09): okok
[02:55:51] Nachus_GC (27cef4d1-62ad-3b6a-a0b1-375853a84c09): Aver fijate ash
[03:01:31] AshOficialMC (5ecebb8e-5ec6-313a-aa5e-6b9ddd226bc1): eso voy
[03:02:49] SoloValle (3ebb3d01-b0a4-3369-b12c-2eec16133c61): ya gracias
[03:02:50] AshOficialMC (5ecebb8e-5ec6-313a-aa5e-6b9ddd226bc1): No hay mas oportunidades SoloValle estas a tu suerte ahora
[03:02:59] AshOficialMC (5ecebb8e-5ec6-313a-aa5e-6b9ddd226bc1): evita morir
[03:03:09] AshOficialMC (5ecebb8e-5ec6-313a-aa5e-6b9ddd226bc1): nacho
[03:03:13] Nachus_GC (27cef4d1-62ad-3b6a-a0b1-375853a84c09): q
[03:03:17] AshOficialMC (5ecebb8e-5ec6-313a-aa5e-6b9ddd226bc1): no me givea el kit
[03:03:21] SoloValle (3ebb3d01-b0a4-3369-b12c-2eec16133c61): AshOficialMC
[03:03:21] AshOficialMC (5ecebb8e-5ec6-313a-aa5e-6b9ddd226bc1): pusiste algo mal
[03:03:24] Nachus_GC (27cef4d1-62ad-3b6a-a0b1-375853a84c09): pq
[03:03:26] AshOficialMC (5ecebb8e-5ec6-313a-aa5e-6b9ddd226bc1): dime
[03:03:27] Nachus_GC (27cef4d1-62ad-3b6a-a0b1-375853a84c09): tmre
[03:03:31] SoloValle (3ebb3d01-b0a4-3369-b12c-2eec16133c61): pq no pones mochila con comandos?
[03:03:34] SoloValle (3ebb3d01-b0a4-3369-b12c-2eec16133c61): el /pv 1
[03:03:38] SoloValle (3ebb3d01-b0a4-3369-b12c-2eec16133c61): es una buena opcion
[03:03:48] SoloValle (3ebb3d01-b0a4-3369-b12c-2eec16133c61): y puedes tener varias mochilas
[03:03:48] AshOficialMC (5ecebb8e-5ec6-313a-aa5e-6b9ddd226bc1): nah, un mod de mochila mejor
[03:04:17] SoloValle (3ebb3d01-b0a4-3369-b12c-2eec16133c61): ahora nisiquiera tengo home en mi casa
[03:04:36] AshOficialMC (5ecebb8e-5ec6-313a-aa5e-6b9ddd226bc1): andas con una mala suerte tu
[03:04:49] AshOficialMC (5ecebb8e-5ec6-313a-aa5e-6b9ddd226bc1): y ahora el kit nacho, se perdio? xd
[03:04:50] SoloValle (3ebb3d01-b0a4-3369-b12c-2eec16133c61): tengo home en la ancient city
[03:05:02] Nachus_GC (27cef4d1-62ad-3b6a-a0b1-375853a84c09): no se q pasa q no te lo givea
[03:05:07] SoloValle (3ebb3d01-b0a4-3369-b12c-2eec16133c61): y la ancient queda cerca de mi casa
[03:05:12] SoloValle (3ebb3d01-b0a4-3369-b12c-2eec16133c61): y no puedo elimnar el home
[03:05:17] SoloValle (3ebb3d01-b0a4-3369-b12c-2eec16133c61): ah si
[03:05:23] AshOficialMC (5ecebb8e-5ec6-313a-aa5e-6b9ddd226bc1): tu podes giveartelo?
[03:05:27] Nachus_GC (27cef4d1-62ad-3b6a-a0b1-375853a84c09): sera por la shulker?
[03:05:31] Nachus_GC (27cef4d1-62ad-3b6a-a0b1-375853a84c09): como le giveo
[03:05:33] Nachus_GC (27cef4d1-62ad-3b6a-a0b1-375853a84c09): avr
[03:05:46] AshOficialMC (5ecebb8e-5ec6-313a-aa5e-6b9ddd226bc1): ./kit nachu vip
[03:06:21] SoloValle (3ebb3d01-b0a4-3369-b12c-2eec16133c61): AshOficialMC puedes ir al overwordl y te hago tpa pa yo ir a mi base a pata?
[03:06:37] Nachus_GC (27cef4d1-62ad-3b6a-a0b1-375853a84c09): dice improperly defined
[03:07:29] AshOficialMC (5ecebb8e-5ec6-313a-aa5e-6b9ddd226bc1): SoloValle bueno
[03:07:49] SoloValle (3ebb3d01-b0a4-3369-b12c-2eec16133c61): mira Nachus_GC
[03:08:01] Nachus_GC (27cef4d1-62ad-3b6a-a0b1-375853a84c09): eeeh jaker
[03:08:12] Nachus_GC (27cef4d1-62ad-3b6a-a0b1-375853a84c09): *lo banea por instinto*
[03:08:15] AshOficialMC (5ecebb8e-5ec6-313a-aa5e-6b9ddd226bc1): XD
[03:08:18] Nachus_GC (27cef4d1-62ad-3b6a-a0b1-375853a84c09): XD
[03:08:19] AshOficialMC (5ecebb8e-5ec6-313a-aa5e-6b9ddd226bc1): meti el negativity
[03:08:29] Nachus_GC (27cef4d1-62ad-3b6a-a0b1-375853a84c09): y eso q
[03:08:39] AshOficialMC (5ecebb8e-5ec6-313a-aa5e-6b9ddd226bc1): ahora podes scanear a los usuarios
[03:08:47] Nachus_GC (27cef4d1-62ad-3b6a-a0b1-375853a84c09): uuuhhhhh
[03:09:16] AshOficialMC (5ecebb8e-5ec6-313a-aa5e-6b9ddd226bc1): a
[03:09:20] AshOficialMC (5ecebb8e-5ec6-313a-aa5e-6b9ddd226bc1): a
[03:09:43] Nachus_GC (27cef4d1-62ad-3b6a-a0b1-375853a84c09): dime q no se murio sin querer SoloValle
[03:09:50] AshOficialMC (5ecebb8e-5ec6-313a-aa5e-6b9ddd226bc1): XDDD
[03:10:42] AshOficialMC (5ecebb8e-5ec6-313a-aa5e-6b9ddd226bc1): para no tener el clearlagg el serv va muy bien
[03:10:56] Nachus_GC (27cef4d1-62ad-3b6a-a0b1-375853a84c09): tenes razon
[03:11:00] Nachus_GC (27cef4d1-62ad-3b6a-a0b1-375853a84c09): No se clerea
[03:11:13] Nachus_GC (27cef4d1-62ad-3b6a-a0b1-375853a84c09): broh
[03:11:19] Nachus_GC (27cef4d1-62ad-3b6a-a0b1-375853a84c09): checate esta
[03:11:49] AshOficialMC (5ecebb8e-5ec6-313a-aa5e-6b9ddd226bc1): q
[03:11:57] Nachus_GC (27cef4d1-62ad-3b6a-a0b1-375853a84c09): mira we
[03:12:12] AshOficialMC (5ecebb8e-5ec6-313a-aa5e-6b9ddd226bc1): que
[03:12:16] Nachus_GC (27cef4d1-62ad-3b6a-a0b1-375853a84c09): la prision
[03:12:28] AshOficialMC (5ecebb8e-5ec6-313a-aa5e-6b9ddd226bc1): la creaste?
[03:12:32] Nachus_GC (27cef4d1-62ad-3b6a-a0b1-375853a84c09): ajam
[03:12:39] AshOficialMC (5ecebb8e-5ec6-313a-aa5e-6b9ddd226bc1): pusiste el comando para configurarla?
[03:12:47] Nachus_GC (27cef4d1-62ad-3b6a-a0b1-375853a84c09): nop jaja
[03:13:00] AshOficialMC (5ecebb8e-5ec6-313a-aa5e-6b9ddd226bc1): ya lo hago
[03:15:04] AshOficialMC (5ecebb8e-5ec6-313a-aa5e-6b9ddd226bc1): aver ya lo configuro
[03:15:58] AshOficialMC (5ecebb8e-5ec6-313a-aa5e-6b9ddd226bc1): sip si sirve
[03:16:27] Nachus_GC (27cef4d1-62ad-3b6a-a0b1-375853a84c09): q jot
[03:16:31] AshOficialMC (5ecebb8e-5ec6-313a-aa5e-6b9ddd226bc1): lagaso me comi
[03:16:37] AshOficialMC (5ecebb8e-5ec6-313a-aa5e-6b9ddd226bc1): el comando es este Nachus_GC
[03:16:37] Nachus_GC (27cef4d1-62ad-3b6a-a0b1-375853a84c09): si xd
[03:16:55] AshOficialMC (5ecebb8e-5ec6-313a-aa5e-6b9ddd226bc1): ./jail (user) prision (tiempo)
[03:17:02] Nachus_GC (27cef4d1-62ad-3b6a-a0b1-375853a84c09): ok
[03:17:18] AshOficialMC (5ecebb8e-5ec6-313a-aa5e-6b9ddd226bc1): y con el negativity lo scaneas a ver que tenia
[03:17:39] AshOficialMC (5ecebb8e-5ec6-313a-aa5e-6b9ddd226bc1): ./negativity (user)
[03:18:02] Nachus_GC (27cef4d1-62ad-3b6a-a0b1-375853a84c09): de 10
[03:18:04] Nachus_GC (27cef4d1-62ad-3b6a-a0b1-375853a84c09): Ash
[03:18:08] AshOficialMC (5ecebb8e-5ec6-313a-aa5e-6b9ddd226bc1): dime
[03:18:12] Nachus_GC (27cef4d1-62ad-3b6a-a0b1-375853a84c09): Te dejo encargarte del kit
[03:18:21] Nachus_GC (27cef4d1-62ad-3b6a-a0b1-375853a84c09): pq a mi no me funca al hacerlo
[03:18:32] AshOficialMC (5ecebb8e-5ec6-313a-aa5e-6b9ddd226bc1): dale
[03:18:41] Nachus_GC (27cef4d1-62ad-3b6a-a0b1-375853a84c09): toma
[03:18:52] Nachus_GC (27cef4d1-62ad-3b6a-a0b1-375853a84c09): el kit
[03:18:58] AshOficialMC (5ecebb8e-5ec6-313a-aa5e-6b9ddd226bc1): perfecto
[03:19:01] AshOficialMC (5ecebb8e-5ec6-313a-aa5e-6b9ddd226bc1): mira
[03:19:08] AshOficialMC (5ecebb8e-5ec6-313a-aa5e-6b9ddd226bc1): dale esto al solovalle cuando vuelva
[03:19:26] Nachus_GC (27cef4d1-62ad-3b6a-a0b1-375853a84c09): bueno jaja
[03:22:03] Nachus_GC (27cef4d1-62ad-3b6a-a0b1-375853a84c09): borro el nbt
[03:22:13] Nachus_GC (27cef4d1-62ad-3b6a-a0b1-375853a84c09): o lo guardo como respaldo?
[03:23:10] Nachus_GC (27cef4d1-62ad-3b6a-a0b1-375853a84c09): xD
[03:26:25] Nachus_GC (27cef4d1-62ad-3b6a-a0b1-375853a84c09): Momento Laser de Staff
[03:29:10] Nachus_GC (27cef4d1-62ad-3b6a-a0b1-375853a84c09): voy a ver si esto no da problemas
[03:40:25] Nachus_GC (27cef4d1-62ad-3b6a-a0b1-375853a84c09): ah sos re troll
[22:49:25] xXDash_RedXx (2c47d6b8-e53e-38f3-b73c-a209e765d5cf): holas
[22:49:47] Nachus_GC (27cef4d1-62ad-3b6a-a0b1-375853a84c09): holas
[22:55:20] Nachus_GC (27cef4d1-62ad-3b6a-a0b1-375853a84c09): che Dash
[22:55:37] Nachus_GC (27cef4d1-62ad-3b6a-a0b1-375853a84c09): como q tu casa es una dungeon no?
[22:55:59] xXDash_RedXx (2c47d6b8-e53e-38f3-b73c-a209e765d5cf): no
[22:56:02] xXDash_RedXx (2c47d6b8-e53e-38f3-b73c-a209e765d5cf): xd
[22:56:07] xXDash_RedXx (2c47d6b8-e53e-38f3-b73c-a209e765d5cf): esta alado de la dungeon
[22:56:12] Nachus_GC (27cef4d1-62ad-3b6a-a0b1-375853a84c09): XD
[22:56:14] xXDash_RedXx (2c47d6b8-e53e-38f3-b73c-a209e765d5cf): XD
[22:56:30] Nachus_GC (27cef4d1-62ad-3b6a-a0b1-375853a84c09): tenes peruanos :O
[22:56:43] xXDash_RedXx (2c47d6b8-e53e-38f3-b73c-a209e765d5cf): xD
[22:56:49] xXDash_RedXx (2c47d6b8-e53e-38f3-b73c-a209e765d5cf): a lag
[22:57:09] Nachus_GC (27cef4d1-62ad-3b6a-a0b1-375853a84c09): xd
[22:57:15] Nachus_GC (27cef4d1-62ad-3b6a-a0b1-375853a84c09): los dos las tenemos
[22:57:48] xXDash_RedXx (2c47d6b8-e53e-38f3-b73c-a209e765d5cf): estafador Xd
[23:00:03] xXDash_RedXx (2c47d6b8-e53e-38f3-b73c-a209e765d5cf): me recomiendas una sahder de bajos recursos?
[23:01:21] Nachus_GC (27cef4d1-62ad-3b6a-a0b1-375853a84c09): no lo se
[23:01:25] Nachus_GC (27cef4d1-62ad-3b6a-a0b1-375853a84c09): nunca use alguna
[23:01:29] Nachus_GC (27cef4d1-62ad-3b6a-a0b1-375853a84c09): XD
[23:04:44] xXDash_RedXx (2c47d6b8-e53e-38f3-b73c-a209e765d5cf): golas
[23:04:48] xXDash_RedXx (2c47d6b8-e53e-38f3-b73c-a209e765d5cf): hola*
[23:06:17] Nachus_GC (27cef4d1-62ad-3b6a-a0b1-375853a84c09): ash
[23:06:22] Nachus_GC (27cef4d1-62ad-3b6a-a0b1-375853a84c09): me encontre otra Agony
[23:08:48] AshOficialMC (5ecebb8e-5ec6-313a-aa5e-6b9ddd226bc1): sexso
[23:08:56] xXDash_RedXx (2c47d6b8-e53e-38f3-b73c-a209e765d5cf): XD
[23:09:09] xXDash_RedXx (2c47d6b8-e53e-38f3-b73c-a209e765d5cf): ._.
[23:09:15] xXDash_RedXx (2c47d6b8-e53e-38f3-b73c-a209e765d5cf): serraste la entrada?
[23:09:21] AshOficialMC (5ecebb8e-5ec6-313a-aa5e-6b9ddd226bc1): XDD
[23:09:26] xXDash_RedXx (2c47d6b8-e53e-38f3-b73c-a209e765d5cf): ddespues se entra el negro
[23:09:29] AshOficialMC (5ecebb8e-5ec6-313a-aa5e-6b9ddd226bc1): AAA ENTENDI
[23:09:29] Nachus_GC (27cef4d1-62ad-3b6a-a0b1-375853a84c09): habia una en primer lugar?
[23:09:59] Nachus_GC (27cef4d1-62ad-3b6a-a0b1-375853a84c09): checa esto q encontre
[23:10:00] AshOficialMC (5ecebb8e-5ec6-313a-aa5e-6b9ddd226bc1): brooo referencias de las god
[23:10:04] AshOficialMC (5ecebb8e-5ec6-313a-aa5e-6b9ddd226bc1): q cosa
[23:10:26] Nachus_GC (27cef4d1-62ad-3b6a-a0b1-375853a84c09): le decia a Dash
[23:11:06] AshOficialMC (5ecebb8e-5ec6-313a-aa5e-6b9ddd226bc1): bro ven
[23:11:12] AshOficialMC (5ecebb8e-5ec6-313a-aa5e-6b9ddd226bc1): como q ping
[23:11:23] xXDash_RedXx (2c47d6b8-e53e-38f3-b73c-a209e765d5cf): q si yo tenia un anterior lugar?
[23:11:40] Nachus_GC (27cef4d1-62ad-3b6a-a0b1-375853a84c09): configura el ping weon
[23:11:46] AshOficialMC (5ecebb8e-5ec6-313a-aa5e-6b9ddd226bc1): como asi wn
[23:11:47] Nachus_GC (27cef4d1-62ad-3b6a-a0b1-375853a84c09): q sino funciona mal la wea
[23:12:13] Nachus_GC (27cef4d1-62ad-3b6a-a0b1-375853a84c09): agarras el plugin y lo configuras
[23:12:32] AshOficialMC (5ecebb8e-5ec6-313a-aa5e-6b9ddd226bc1): pero qeu configuro exactamente
[23:12:42] Nachus_GC (27cef4d1-62ad-3b6a-a0b1-375853a84c09): el indice de ping
[23:12:50] xXDash_RedXx (2c47d6b8-e53e-38f3-b73c-a209e765d5cf): tienes una tablet cave ?
[23:13:14] AshOficialMC (5ecebb8e-5ec6-313a-aa5e-6b9ddd226bc1): a dale
[23:13:23] AshOficialMC (5ecebb8e-5ec6-313a-aa5e-6b9ddd226bc1): nacho veni hace tp
[23:13:35] Nachus_GC (27cef4d1-62ad-3b6a-a0b1-375853a84c09): ok
[23:14:05] AshOficialMC (5ecebb8e-5ec6-313a-aa5e-6b9ddd226bc1): stage 3 es power op
[23:14:09] AshOficialMC (5ecebb8e-5ec6-313a-aa5e-6b9ddd226bc1): up*
[23:14:16] Nachus_GC (27cef4d1-62ad-3b6a-a0b1-375853a84c09): alm
[23:14:30] AshOficialMC (5ecebb8e-5ec6-313a-aa5e-6b9ddd226bc1): vamo a meditar un rato
[23:14:36] xXDash_RedXx (2c47d6b8-e53e-38f3-b73c-a209e765d5cf): xd
[23:14:37] Nachus_GC (27cef4d1-62ad-3b6a-a0b1-375853a84c09): pwro
[23:14:43] AshOficialMC (5ecebb8e-5ec6-313a-aa5e-6b9ddd226bc1): ya ando en etapa 2 XD
[23:14:45] Nachus_GC (27cef4d1-62ad-3b6a-a0b1-375853a84c09): no se con q cambiarlo
[23:14:53] AshOficialMC (5ecebb8e-5ec6-313a-aa5e-6b9ddd226bc1): secso
[23:15:38] AshOficialMC (5ecebb8e-5ec6-313a-aa5e-6b9ddd226bc1): XD
[23:15:49] AshOficialMC (5ecebb8e-5ec6-313a-aa5e-6b9ddd226bc1): jessi no era admin?
[23:15:52] Nachus_GC (27cef4d1-62ad-3b6a-a0b1-375853a84c09): esque yo tengo hipervitalidad
[23:15:57] Nachus_GC (27cef4d1-62ad-3b6a-a0b1-375853a84c09): y me re sirve
[23:17:35] AshOficialMC (5ecebb8e-5ec6-313a-aa5e-6b9ddd226bc1): esto te carga la ulti tambien
[23:17:46] AshOficialMC (5ecebb8e-5ec6-313a-aa5e-6b9ddd226bc1): y te deja usar cosas sin cooldown
[23:18:00] Nachus_GC (27cef4d1-62ad-3b6a-a0b1-375853a84c09): uh bueno
[23:18:14] AshOficialMC (5ecebb8e-5ec6-313a-aa5e-6b9ddd226bc1): ahora dejame meditar hasta llegar a etapa 3
[23:18:16] AshOficialMC (5ecebb8e-5ec6-313a-aa5e-6b9ddd226bc1): xD
[23:18:19] Nachus_GC (27cef4d1-62ad-3b6a-a0b1-375853a84c09): XD
[23:18:25] AshOficialMC (5ecebb8e-5ec6-313a-aa5e-6b9ddd226bc1): crea una plataforma de meditacion XD
[23:18:32] Nachus_GC (27cef4d1-62ad-3b6a-a0b1-375853a84c09): a la orden
[23:18:39] AshOficialMC (5ecebb8e-5ec6-313a-aa5e-6b9ddd226bc1): xdd
[23:18:48] Nachus_GC (27cef4d1-62ad-3b6a-a0b1-375853a84c09): o querras decir
[23:18:51] Nachus_GC (27cef4d1-62ad-3b6a-a0b1-375853a84c09): TORRE?
[23:21:09] Nachus_GC (27cef4d1-62ad-3b6a-a0b1-375853a84c09): look at this
[23:21:35] AshOficialMC (5ecebb8e-5ec6-313a-aa5e-6b9ddd226bc1): q haces
[23:21:43] Nachus_GC (27cef4d1-62ad-3b6a-a0b1-375853a84c09): te ayudo a meditar
[23:21:45] Nachus_GC (27cef4d1-62ad-3b6a-a0b1-375853a84c09): mira
[23:21:48] Nachus_GC (27cef4d1-62ad-3b6a-a0b1-375853a84c09): hasta brillas
[23:21:54] AshOficialMC (5ecebb8e-5ec6-313a-aa5e-6b9ddd226bc1): queres qye entre en modo berserk o q
[23:21:57] AshOficialMC (5ecebb8e-5ec6-313a-aa5e-6b9ddd226bc1): que*
[23:22:00] Nachus_GC (27cef4d1-62ad-3b6a-a0b1-375853a84c09): xd
[23:22:04] AshOficialMC (5ecebb8e-5ec6-313a-aa5e-6b9ddd226bc1): quitame la radiacion kbron
[23:22:11] AshOficialMC (5ecebb8e-5ec6-313a-aa5e-6b9ddd226bc1): a
[23:22:12] Nachus_GC (27cef4d1-62ad-3b6a-a0b1-375853a84c09): te queria mostrar un jugete
[23:22:17] AshOficialMC (5ecebb8e-5ec6-313a-aa5e-6b9ddd226bc1): ya lo vi
[23:22:20] AshOficialMC (5ecebb8e-5ec6-313a-aa5e-6b9ddd226bc1): tremenda referencia
[23:22:29] Nachus_GC (27cef4d1-62ad-3b6a-a0b1-375853a84c09): mal xd
[23:22:42] AshOficialMC (5ecebb8e-5ec6-313a-aa5e-6b9ddd226bc1): Reviveme, tengo un laser
[23:22:47] AshOficialMC (5ecebb8e-5ec6-313a-aa5e-6b9ddd226bc1): lo entendi al toque
[23:22:56] Nachus_GC (27cef4d1-62ad-3b6a-a0b1-375853a84c09): XD
[23:23:02] Nachus_GC (27cef4d1-62ad-3b6a-a0b1-375853a84c09): ste we
[23:34:08] xXDash_RedXx (2c47d6b8-e53e-38f3-b73c-a209e765d5cf): q bendi
[23:34:11] xXDash_RedXx (2c47d6b8-e53e-38f3-b73c-a209e765d5cf): tenia un lag
[23:34:15] xXDash_RedXx (2c47d6b8-e53e-38f3-b73c-a209e765d5cf): del diablo
[23:34:19] xXDash_RedXx (2c47d6b8-e53e-38f3-b73c-a209e765d5cf): a 0 fps
[23:34:20] Nachus_GC (27cef4d1-62ad-3b6a-a0b1-375853a84c09): te juro
[23:34:28] xXDash_RedXx (2c47d6b8-e53e-38f3-b73c-a209e765d5cf): ??
[23:34:29] Nachus_GC (27cef4d1-62ad-3b6a-a0b1-375853a84c09): Hasta saltaba q tenias hacks
[23:34:37] xXDash_RedXx (2c47d6b8-e53e-38f3-b73c-a209e765d5cf): XD
[23:34:49] xXDash_RedXx (2c47d6b8-e53e-38f3-b73c-a209e765d5cf): nisiquiera me podia mover bien XD
[23:34:57] Nachus_GC (27cef4d1-62ad-3b6a-a0b1-375853a84c09): XD
[23:36:25] xXDash_RedXx (2c47d6b8-e53e-38f3-b73c-a209e765d5cf): bruh
[23:36:30] Nachus_GC (27cef4d1-62ad-3b6a-a0b1-375853a84c09): q
[23:36:31] xXDash_RedXx (2c47d6b8-e53e-38f3-b73c-a209e765d5cf): no me deja ponerme una shader
[23:36:33] xXDash_RedXx (2c47d6b8-e53e-38f3-b73c-a209e765d5cf): XD
[23:36:37] Nachus_GC (27cef4d1-62ad-3b6a-a0b1-375853a84c09): AAH
[23:36:41] Nachus_GC (27cef4d1-62ad-3b6a-a0b1-375853a84c09): es por el sv
[23:36:57] Nachus_GC (27cef4d1-62ad-3b6a-a0b1-375853a84c09): debe ser q no te tiene permitido el shader
[23:37:21] xXDash_RedXx (2c47d6b8-e53e-38f3-b73c-a209e765d5cf): literal me puse una shader q supuestamente es de bajos recursos y hiba un lag del diablo esa era la shader q hiba a 0 fps
[23:37:30] xXDash_RedXx (2c47d6b8-e53e-38f3-b73c-a209e765d5cf): mmm
[23:38:17] xXDash_RedXx (2c47d6b8-e53e-38f3-b73c-a209e765d5cf): es para optifine y iris
[23:38:31] xXDash_RedXx (2c47d6b8-e53e-38f3-b73c-a209e765d5cf): pero las shaders q tengo en la lista todas son para ambos
[23:38:39] Nachus_GC (27cef4d1-62ad-3b6a-a0b1-375853a84c09): hmm
[23:38:47] Nachus_GC (27cef4d1-62ad-3b6a-a0b1-375853a84c09): ta raro
[23:38:49] xXDash_RedXx (2c47d6b8-e53e-38f3-b73c-a209e765d5cf): y esa es la unica q no me deja xd es version alpha
[23:39:36] xXDash_RedXx (2c47d6b8-e53e-38f3-b73c-a209e765d5cf): yo creia q simple voice chat era solo mod xd
[23:39:49] Nachus_GC (27cef4d1-62ad-3b6a-a0b1-375853a84c09): XD
[23:39:58] xXDash_RedXx (2c47d6b8-e53e-38f3-b73c-a209e765d5cf): pero mire unos plugins q no se para q y me aparecio simple voice chat
[23:40:01] Nachus_GC (27cef4d1-62ad-3b6a-a0b1-375853a84c09): creo q todos lo pensamos alguna vez
[23:43:30] xXDash_RedXx (2c47d6b8-e53e-38f3-b73c-a209e765d5cf): me voy a comer ya vuelvo
[23:43:33] xXDash_RedXx (2c47d6b8-e53e-38f3-b73c-a209e765d5cf): afk
[23:43:35] Nachus_GC (27cef4d1-62ad-3b6a-a0b1-375853a84c09): ok
[23:43:41] Nachus_GC (27cef4d1-62ad-3b6a-a0b1-375853a84c09): Usa el /afk
[23:44:07] Nachus_GC (27cef4d1-62ad-3b6a-a0b1-375853a84c09): si no t deja le digo al ash
[23:44:11] Nachus_GC (27cef4d1-62ad-3b6a-a0b1-375853a84c09): asi configura
[23:57:15] xXDash_RedXx (2c47d6b8-e53e-38f3-b73c-a209e765d5cf): holas
[23:57:18] Nachus_GC (27cef4d1-62ad-3b6a-a0b1-375853a84c09): bolas
[23:57:21] xXDash_RedXx (2c47d6b8-e53e-38f3-b73c-a209e765d5cf): ._.
[23:57:23] xXDash_RedXx (2c47d6b8-e53e-38f3-b73c-a209e765d5cf): XD
[23:58:43] Nachus_GC (27cef4d1-62ad-3b6a-a0b1-375853a84c09): Ash arregla el plugin
[23:58:51] xXDash_RedXx (2c47d6b8-e53e-38f3-b73c-a209e765d5cf): no esta XD
[23:58:57] Nachus_GC (27cef4d1-62ad-3b6a-a0b1-375853a84c09): Creeme
[23:59:01] xXDash_RedXx (2c47d6b8-e53e-38f3-b73c-a209e765d5cf): ._.
[23:59:06] Nachus_GC (27cef4d1-62ad-3b6a-a0b1-375853a84c09): El el omnisciente
[23:59:16] xXDash_RedXx (2c47d6b8-e53e-38f3-b73c-a209e765d5cf): q es eso?
[23:59:28] Nachus_GC (27cef4d1-62ad-3b6a-a0b1-375853a84c09): q sabe toh
